2020-01-06 00:02:09,786 [INFO] Activator:176 - 


2020-01-06 00:02:09,795 [INFO] Activator:177 - !SESSION log4j initialized
2020-01-06 00:02:15,427 [INFO] ApplicationProperties:181 - Using Application install path: C:\ST\STM32CubeIDE_1.1.0\STM32CubeIDE\plugins\com.st.stm32cube.common.mx_5.4.0.201910091541
2020-01-06 00:02:15,453 [INFO] DbMcusXml:68 - Set database path to: C:\ST\STM32CubeIDE_1.1.0\STM32CubeIDE\plugins\com.st.stm32cube.common.mx_5.4.0.201910091541\\db\/mcu/
2020-01-06 00:02:15,461 [INFO] DbBoardsPdsc:54 - Set plugin database path to: C:\ST\STM32CubeIDE_1.1.0\STM32CubeIDE\plugins\com.st.stm32cube.common.mx_5.4.0.201910091541\\db\/plugins/boardmanager/
2020-01-06 00:02:15,462 [INFO] DbMcus:265 - Set plugin images path to: C:\ST\STM32CubeIDE_1.1.0\STM32CubeIDE\plugins\com.st.stm32cube.common.mx_5.4.0.201910091541\\db\/plugins/mcufinder/images/
2020-01-06 00:02:15,463 [INFO] DbBoards:232 - Set plugin images path to: C:\ST\STM32CubeIDE_1.1.0\STM32CubeIDE\plugins\com.st.stm32cube.common.mx_5.4.0.201910091541\\db\/plugins/mcufinder/images/
2020-01-06 00:02:15,467 [INFO] APIGFXSelector:72 - Set database path to: C:\ST\STM32CubeIDE_1.1.0\STM32CubeIDE\plugins\com.st.stm32cube.common.mx_5.4.0.201910091541\\db\/plugins/mcufinder/mcu/
2020-01-06 00:02:15,487 [INFO] DbMcusAds:72 - Set database path to: C:\Users\yeong\.stmcufinder\plugins\mcufinder//mcu/
2020-01-06 00:02:15,490 [INFO] DbMcusDocs:92 - Set database path to: C:\Users\yeong\.stmcufinder\plugins\mcufinder//mcu/
2020-01-06 00:02:15,495 [INFO] DbMcusJson:59 - Set database path to: C:\Users\yeong\.stmcufinder\plugins\mcufinder//mcu/
2020-01-06 00:02:15,498 [INFO] DbBoardsDocs:84 - Set database path to: C:\Users\yeong\.stmcufinder\plugins\mcufinder//mcu/
2020-01-06 00:02:15,501 [INFO] DbBoardsJson:51 - Set database path to: C:\Users\yeong\.stmcufinder\plugins\mcufinder//mcu/
2020-01-06 00:02:15,953 [INFO] CrossReferenceDbSqlite:197 - Set database path to: C:\Users\yeong\.stmcufinder\plugins\mcufinder//mcu/cs/
2020-01-06 00:02:16,230 [INFO] RulesReader:52 - Compatibility file has been processed (179 Rules)
2020-01-06 00:02:16,618 [INFO] MicroXplorer:570 - Detected Java Version = 1.8.0_202
2020-01-06 00:02:16,620 [INFO] DbMcusXml:68 - Set database path to: C:\ST\STM32CubeIDE_1.1.0\STM32CubeIDE\plugins\com.st.stm32cube.common.mx_5.4.0.201910091541\\db\/mcu/
2020-01-06 00:02:16,623 [INFO] DbBoardsPdsc:54 - Set plugin database path to: C:\ST\STM32CubeIDE_1.1.0\STM32CubeIDE\plugins\com.st.stm32cube.common.mx_5.4.0.201910091541\\db\/plugins/boardmanager/
2020-01-06 00:02:16,629 [INFO] DbMcus:265 - Set plugin images path to: C:\ST\STM32CubeIDE_1.1.0\STM32CubeIDE\plugins\com.st.stm32cube.common.mx_5.4.0.201910091541\\db\/plugins/mcufinder/images/
2020-01-06 00:02:16,632 [INFO] DbBoards:232 - Set plugin images path to: C:\ST\STM32CubeIDE_1.1.0\STM32CubeIDE\plugins\com.st.stm32cube.common.mx_5.4.0.201910091541\\db\/plugins/mcufinder/images/
2020-01-06 00:02:16,633 [INFO] APIGFXSelector:72 - Set database path to: C:\ST\STM32CubeIDE_1.1.0\STM32CubeIDE\plugins\com.st.stm32cube.common.mx_5.4.0.201910091541\\db\/plugins/mcufinder/mcu/
2020-01-06 00:02:16,634 [WARN] DbFile:31 - Overriding database path with different value: C:\Users\yeong\.stmcufinder\plugins\mcufinder/ => C:\Users\yeong\.stmcufinder\plugins\mcufinder
2020-01-06 00:02:16,643 [INFO] DbMcusAds:72 - Set database path to: C:\Users\yeong\.stmcufinder\plugins\mcufinder//mcu/
2020-01-06 00:02:16,644 [WARN] DbFile:31 - Overriding database path with different value: C:\Users\yeong\.stmcufinder\plugins\mcufinder/ => C:\Users\yeong\.stmcufinder\plugins\mcufinder
2020-01-06 00:02:16,645 [INFO] DbMcusDocs:92 - Set database path to: C:\Users\yeong\.stmcufinder\plugins\mcufinder//mcu/
2020-01-06 00:02:16,646 [WARN] DbFile:31 - Overriding database path with different value: C:\Users\yeong\.stmcufinder\plugins\mcufinder/ => C:\Users\yeong\.stmcufinder\plugins\mcufinder
2020-01-06 00:02:16,648 [INFO] DbMcusJson:59 - Set database path to: C:\Users\yeong\.stmcufinder\plugins\mcufinder//mcu/
2020-01-06 00:02:16,651 [WARN] DbFile:31 - Overriding database path with different value: C:\Users\yeong\.stmcufinder\plugins\mcufinder/ => C:\Users\yeong\.stmcufinder\plugins\mcufinder
2020-01-06 00:02:16,653 [INFO] DbBoardsDocs:84 - Set database path to: C:\Users\yeong\.stmcufinder\plugins\mcufinder//mcu/
2020-01-06 00:02:16,659 [WARN] DbFile:31 - Overriding database path with different value: C:\Users\yeong\.stmcufinder\plugins\mcufinder/ => C:\Users\yeong\.stmcufinder\plugins\mcufinder
2020-01-06 00:02:16,662 [INFO] DbBoardsJson:51 - Set database path to: C:\Users\yeong\.stmcufinder\plugins\mcufinder//mcu/
2020-01-06 00:02:16,663 [WARN] DbFile:31 - Overriding database path with different value: C:\Users\yeong\.stmcufinder\plugins\mcufinder/ => C:\Users\yeong\.stmcufinder\plugins\mcufinder
2020-01-06 00:02:16,664 [WARN] DbFile:31 - Overriding database path with different value: C:\Users\yeong\.stmcufinder\plugins\mcufinder/ => C:\Users\yeong\.stmcufinder\plugins\mcufinder
2020-01-06 00:02:16,665 [INFO] CrossReferenceDbSqlite:197 - Set database path to: C:\Users\yeong\.stmcufinder\plugins\mcufinder//mcu/cs/
2020-01-06 00:02:16,939 [INFO] MainPanel:185 - HeapMemory: 268435456
2020-01-06 00:02:17,737 [INFO] DbMcusXml:68 - Set database path to: C:\ST\STM32CubeIDE_1.1.0\STM32CubeIDE\plugins\com.st.stm32cube.common.mx_5.4.0.201910091541\\db\/mcu/
2020-01-06 00:02:17,738 [INFO] DbBoardsPdsc:54 - Set plugin database path to: C:\ST\STM32CubeIDE_1.1.0\STM32CubeIDE\plugins\com.st.stm32cube.common.mx_5.4.0.201910091541\\db\/plugins/boardmanager/
2020-01-06 00:02:17,738 [INFO] DbMcus:265 - Set plugin images path to: C:\ST\STM32CubeIDE_1.1.0\STM32CubeIDE\plugins\com.st.stm32cube.common.mx_5.4.0.201910091541\\db\/plugins/mcufinder/images/
2020-01-06 00:02:17,740 [INFO] DbBoards:232 - Set plugin images path to: C:\ST\STM32CubeIDE_1.1.0\STM32CubeIDE\plugins\com.st.stm32cube.common.mx_5.4.0.201910091541\\db\/plugins/mcufinder/images/
2020-01-06 00:02:17,740 [INFO] APIGFXSelector:72 - Set database path to: C:\ST\STM32CubeIDE_1.1.0\STM32CubeIDE\plugins\com.st.stm32cube.common.mx_5.4.0.201910091541\\db\/plugins/mcufinder/mcu/
2020-01-06 00:02:17,741 [WARN] DbFile:31 - Overriding database path with different value: C:\Users\yeong\.stmcufinder\plugins\mcufinder/ => C:\Users\yeong\.stmcufinder\plugins\mcufinder
2020-01-06 00:02:17,742 [INFO] DbMcusAds:72 - Set database path to: C:\Users\yeong\.stmcufinder\plugins\mcufinder//mcu/
2020-01-06 00:02:17,742 [WARN] DbFile:31 - Overriding database path with different value: C:\Users\yeong\.stmcufinder\plugins\mcufinder/ => C:\Users\yeong\.stmcufinder\plugins\mcufinder
2020-01-06 00:02:17,743 [INFO] DbMcusDocs:92 - Set database path to: C:\Users\yeong\.stmcufinder\plugins\mcufinder//mcu/
2020-01-06 00:02:17,744 [WARN] DbFile:31 - Overriding database path with different value: C:\Users\yeong\.stmcufinder\plugins\mcufinder/ => C:\Users\yeong\.stmcufinder\plugins\mcufinder
2020-01-06 00:02:17,745 [INFO] DbMcusJson:59 - Set database path to: C:\Users\yeong\.stmcufinder\plugins\mcufinder//mcu/
2020-01-06 00:02:17,745 [WARN] DbFile:31 - Overriding database path with different value: C:\Users\yeong\.stmcufinder\plugins\mcufinder/ => C:\Users\yeong\.stmcufinder\plugins\mcufinder
2020-01-06 00:02:17,745 [INFO] DbBoardsDocs:84 - Set database path to: C:\Users\yeong\.stmcufinder\plugins\mcufinder//mcu/
2020-01-06 00:02:17,746 [WARN] DbFile:31 - Overriding database path with different value: C:\Users\yeong\.stmcufinder\plugins\mcufinder/ => C:\Users\yeong\.stmcufinder\plugins\mcufinder
2020-01-06 00:02:17,746 [INFO] DbBoardsJson:51 - Set database path to: C:\Users\yeong\.stmcufinder\plugins\mcufinder//mcu/
2020-01-06 00:02:17,747 [WARN] DbFile:31 - Overriding database path with different value: C:\Users\yeong\.stmcufinder\plugins\mcufinder/ => C:\Users\yeong\.stmcufinder\plugins\mcufinder
2020-01-06 00:02:17,747 [WARN] DbFile:31 - Overriding database path with different value: C:\Users\yeong\.stmcufinder\plugins\mcufinder/ => C:\Users\yeong\.stmcufinder\plugins\mcufinder
2020-01-06 00:02:17,748 [INFO] CrossReferenceDbSqlite:197 - Set database path to: C:\Users\yeong\.stmcufinder\plugins\mcufinder//mcu/cs/
2020-01-06 00:02:18,016 [INFO] ApplicationProperties:181 - Using Application install path: C:\ST\STM32CubeIDE_1.1.0\STM32CubeIDE\plugins\com.st.stm32cube.common.mx_5.4.0.201910091541
2020-01-06 00:02:18,020 [INFO] PluginManage:178 - Search for loadable plugins [exclusion list=]
2020-01-06 00:02:18,024 [INFO] PluginManage:292 - Check plugin analytics
2020-01-06 00:02:18,082 [INFO] PluginManage:342 - Loaded plugin analytics (category:tool,tabindex:-1)
2020-01-06 00:02:18,083 [INFO] PluginManage:292 - Check plugin clock
2020-01-06 00:02:18,117 [INFO] PluginManage:342 - Loaded plugin clock (category:base,tabindex:2)
2020-01-06 00:02:18,118 [INFO] PluginManage:292 - Check plugin ddr
2020-01-06 00:02:18,131 [INFO] PluginManage:342 - Loaded plugin ddr (category:tool,tabindex:6)
2020-01-06 00:02:18,132 [INFO] PluginManage:292 - Check plugin filemanager
2020-01-06 00:02:18,864 [INFO] PluginManage:342 - Loaded plugin filemanager (category:base,tabindex:10)
2020-01-06 00:02:18,865 [INFO] PluginManage:292 - Check plugin ipmanager
2020-01-06 00:02:19,494 [INFO] PluginManage:342 - Loaded plugin ipmanager (category:base,tabindex:5)
2020-01-06 00:02:19,495 [INFO] PluginManage:292 - Check plugin pinoutandconfiguration
2020-01-06 00:02:19,530 [INFO] PluginManage:342 - Loaded plugin pinoutandconfiguration (category:base,tabindex:1)
2020-01-06 00:02:19,722 [INFO] PluginManage:292 - Check plugin pinoutconfig
2020-01-06 00:02:20,261 [INFO] PluginManage:342 - Loaded plugin pinoutconfig (category:base,tabindex:0)
2020-01-06 00:02:20,262 [INFO] PluginManage:292 - Check plugin power
2020-01-06 00:02:20,351 [INFO] PluginManage:342 - Loaded plugin power (category:power,tabindex:4)
2020-01-06 00:02:20,351 [INFO] PluginManage:292 - Check plugin projectmanager
2020-01-06 00:02:21,005 [INFO] PluginManage:342 - Loaded plugin projectmanager (category:projectmanager,tabindex:3)
2020-01-06 00:02:21,006 [INFO] PluginManage:292 - Check plugin thirdparty
2020-01-06 00:02:21,214 [INFO] ThirdPartyDb:294 - Open Third Party DataBase File (C:/Users/yeong/.stm32cubemx/plugins/thirdparty/db/thirdparties_db.xml) : 121 ms. number of Sw pack : 9
2020-01-06 00:02:21,255 [INFO] PluginManage:342 - Loaded plugin thirdparty (category:base,tabindex:-1)
2020-01-06 00:02:21,256 [INFO] PluginManage:292 - Check plugin tools
2020-01-06 00:02:21,279 [INFO] PluginManage:342 - Loaded plugin tools (category:base,tabindex:7)
2020-01-06 00:02:21,280 [INFO] PluginManage:292 - Check plugin updater
2020-01-06 00:02:21,503 [INFO] PluginManage:342 - Loaded plugin updater (category:base,tabindex:12)
2020-01-06 00:02:21,507 [INFO] PluginManage:265 - PluginManage : Loaded plugins [12]
2020-01-06 00:02:22,297 [INFO] PinOutPanel:1367 - setPackage(No Configuration,No Configuration)
2020-01-06 00:02:22,659 [INFO] IPUIPlugin:63 - create IPUIPlugin
2020-01-06 00:02:22,660 [INFO] PluginManager:200 - loadIPPluginJar : add adc
2020-01-06 00:02:22,672 [INFO] IPUIPlugin:63 - create IPUIPlugin
2020-01-06 00:02:22,673 [INFO] PluginManager:200 - loadIPPluginJar : add aes
2020-01-06 00:02:22,682 [INFO] IPUIPlugin:63 - create IPUIPlugin
2020-01-06 00:02:22,683 [INFO] PluginManager:200 - loadIPPluginJar : add can
2020-01-06 00:02:22,690 [INFO] IPUIPlugin:63 - create IPUIPlugin
2020-01-06 00:02:22,691 [INFO] PluginManager:200 - loadIPPluginJar : add comp
2020-01-06 00:02:22,697 [INFO] IPUIPlugin:63 - create IPUIPlugin
2020-01-06 00:02:22,698 [INFO] PluginManager:200 - loadIPPluginJar : add cryp
2020-01-06 00:02:22,704 [INFO] IPUIPlugin:63 - create IPUIPlugin
2020-01-06 00:02:22,705 [INFO] PluginManager:200 - loadIPPluginJar : add dfsdm
2020-01-06 00:02:22,717 [INFO] IPUIPlugin:63 - create IPUIPlugin
2020-01-06 00:02:22,718 [INFO] PluginManager:200 - loadIPPluginJar : add dma
2020-01-06 00:02:22,723 [INFO] IPUIPlugin:63 - create IPUIPlugin
2020-01-06 00:02:22,724 [INFO] PluginManager:200 - loadIPPluginJar : add fatfs
2020-01-06 00:02:22,744 [INFO] IPUIPlugin:63 - create IPUIPlugin
2020-01-06 00:02:22,745 [INFO] PluginManager:200 - loadIPPluginJar : add fmc
2020-01-06 00:02:22,769 [INFO] IPUIPlugin:63 - create IPUIPlugin
2020-01-06 00:02:22,772 [INFO] PluginManager:200 - loadIPPluginJar : add freertos
2020-01-06 00:02:22,778 [INFO] IPUIPlugin:63 - create IPUIPlugin
2020-01-06 00:02:22,778 [INFO] PluginManager:200 - loadIPPluginJar : add genericplugin
2020-01-06 00:02:22,792 [INFO] IPUIPlugin:63 - create IPUIPlugin
2020-01-06 00:02:22,793 [INFO] PluginManager:200 - loadIPPluginJar : add gfxmmu
2020-01-06 00:02:22,802 [INFO] IPUIPlugin:63 - create IPUIPlugin
2020-01-06 00:02:22,802 [INFO] PluginManager:200 - loadIPPluginJar : add gfxsimulator
2020-01-06 00:02:22,820 [INFO] IPUIPlugin:63 - create IPUIPlugin
2020-01-06 00:02:22,821 [INFO] PluginManager:200 - loadIPPluginJar : add gic
2020-01-06 00:02:22,831 [INFO] IPUIPlugin:63 - create IPUIPlugin
2020-01-06 00:02:22,832 [INFO] PluginManager:200 - loadIPPluginJar : add gpio
2020-01-06 00:02:22,841 [INFO] IPUIPlugin:63 - create IPUIPlugin
2020-01-06 00:02:22,842 [INFO] PluginManager:200 - loadIPPluginJar : add gtzc
2020-01-06 00:02:22,848 [INFO] IPUIPlugin:63 - create IPUIPlugin
2020-01-06 00:02:22,849 [INFO] PluginManager:200 - loadIPPluginJar : add hash
2020-01-06 00:02:22,857 [INFO] IPUIPlugin:63 - create IPUIPlugin
2020-01-06 00:02:22,858 [INFO] PluginManager:200 - loadIPPluginJar : add i2c
2020-01-06 00:02:22,876 [INFO] IPUIPlugin:63 - create IPUIPlugin
2020-01-06 00:02:22,877 [INFO] PluginManager:200 - loadIPPluginJar : add i2s
2020-01-06 00:02:22,884 [INFO] IPUIPlugin:63 - create IPUIPlugin
2020-01-06 00:02:22,885 [INFO] PluginManager:200 - loadIPPluginJar : add ipddr
2020-01-06 00:02:22,892 [INFO] IPUIPlugin:63 - create IPUIPlugin
2020-01-06 00:02:22,893 [INFO] PluginManager:200 - loadIPPluginJar : add ltdc
2020-01-06 00:02:22,902 [INFO] IPUIPlugin:63 - create IPUIPlugin
2020-01-06 00:02:22,905 [INFO] PluginManager:200 - loadIPPluginJar : add mdma
2020-01-06 00:02:22,914 [INFO] IPUIPlugin:63 - create IPUIPlugin
2020-01-06 00:02:22,915 [INFO] PluginManager:200 - loadIPPluginJar : add nvic
2020-01-06 00:02:22,924 [INFO] IPUIPlugin:63 - create IPUIPlugin
2020-01-06 00:02:22,925 [INFO] PluginManager:200 - loadIPPluginJar : add opamp
2020-01-06 00:02:22,934 [INFO] IPUIPlugin:63 - create IPUIPlugin
2020-01-06 00:02:22,935 [INFO] PluginManager:200 - loadIPPluginJar : add pdm2pcm
2020-01-06 00:02:22,951 [INFO] IPUIPlugin:63 - create IPUIPlugin
2020-01-06 00:02:22,958 [INFO] PluginManager:200 - loadIPPluginJar : add plateformsettings
2020-01-06 00:02:22,963 [INFO] IPUIPlugin:63 - create IPUIPlugin
2020-01-06 00:02:22,964 [INFO] PluginManager:200 - loadIPPluginJar : add quadspi
2020-01-06 00:02:22,973 [INFO] IPUIPlugin:63 - create IPUIPlugin
2020-01-06 00:02:22,973 [INFO] PluginManager:200 - loadIPPluginJar : add resmgrutility
2020-01-06 00:02:22,980 [INFO] IPUIPlugin:63 - create IPUIPlugin
2020-01-06 00:02:22,981 [INFO] PluginManager:200 - loadIPPluginJar : add sai
2020-01-06 00:02:22,988 [INFO] IPUIPlugin:63 - create IPUIPlugin
2020-01-06 00:02:22,989 [INFO] PluginManager:200 - loadIPPluginJar : add spi
2020-01-06 00:02:22,996 [INFO] IPUIPlugin:63 - create IPUIPlugin
2020-01-06 00:02:22,998 [INFO] PluginManager:200 - loadIPPluginJar : add stm32_wpan
2020-01-06 00:02:23,011 [INFO] IPUIPlugin:63 - create IPUIPlugin
2020-01-06 00:02:23,011 [INFO] PluginManager:200 - loadIPPluginJar : add tim
2020-01-06 00:02:23,022 [INFO] IPUIPlugin:63 - create IPUIPlugin
2020-01-06 00:02:23,023 [INFO] PluginManager:200 - loadIPPluginJar : add touchsensing
2020-01-06 00:02:23,028 [INFO] IPUIPlugin:63 - create IPUIPlugin
2020-01-06 00:02:23,029 [INFO] PluginManager:200 - loadIPPluginJar : add tracer_emb
2020-01-06 00:02:23,036 [INFO] IPUIPlugin:63 - create IPUIPlugin
2020-01-06 00:02:23,036 [INFO] PluginManager:200 - loadIPPluginJar : add ts
2020-01-06 00:02:23,058 [INFO] IPUIPlugin:63 - create IPUIPlugin
2020-01-06 00:02:23,059 [INFO] PluginManager:200 - loadIPPluginJar : add tsc
2020-01-06 00:02:23,062 [INFO] IPUIPlugin:63 - create IPUIPlugin
2020-01-06 00:02:23,064 [INFO] PluginManager:200 - loadIPPluginJar : add ucpd
2020-01-06 00:02:23,070 [INFO] IPUIPlugin:63 - create IPUIPlugin
2020-01-06 00:02:23,071 [INFO] PluginManager:200 - loadIPPluginJar : add usart
2020-01-06 00:02:26,353 [INFO] BoardConnectionPanel:220 - [DDR PANEL] osNameString: Windows
2020-01-06 00:02:26,643 [INFO] BoardConnectionPanel:3149 - [DDR PANEL] STM32CubeIDE environment
2020-01-06 00:02:26,644 [INFO] MainDdrPanel:100 - [DDR PANEL] GETTER - cubeProgrammerPath is: null
2020-01-06 00:02:26,928 [FATAL] Updater:277 - Updater called before beeing initialized
2020-01-06 00:02:27,314 [FATAL] Updater:277 - Updater called before beeing initialized
2020-01-06 00:02:27,316 [ERROR] IntegrityCheckThread:230 - Cannot obtain thirdParties list 21
2020-01-06 00:02:27,316 [ERROR] IntegrityCheckThread:99 - Unexpected exception IntegrityCheckThread Thread: Updater error
2020-01-06 00:02:27,318 [INFO] ThirdPartyDb:264 - Close Third Party DataBase File (C:/Users/yeong/.stm32cubemx/plugins/thirdparty/db/thirdparties_db.xml)
2020-01-06 00:02:27,338 [FATAL] Updater:277 - Updater called before beeing initialized
2020-01-06 00:02:27,359 [INFO] PinOutPanel:1367 - setPackage(No Configuration,No Configuration)
2020-01-06 00:02:27,361 [FATAL] Updater:277 - Updater called before beeing initialized
2020-01-06 00:02:27,378 [INFO] BoardConnectionPanel:3149 - [DDR PANEL] STM32CubeIDE environment
2020-01-06 00:02:27,385 [INFO] MainDdrPanel:100 - [DDR PANEL] GETTER - cubeProgrammerPath is: C:\ST\STM32CubeIDE_1.1.0\STM32CubeIDE\plugins\com.st.stm32cube.ide.mcu.externaltools.cubeprogrammer.win32_1.1.0.201910081157\tools\bin
2020-01-06 00:02:27,412 [INFO] ProgrammerExecThread:148 - [ProgrammerAPI] CubeProgrammer command construction: C:\ST\STM32CubeIDE_1.1.0\STM32CubeIDE\plugins\com.st.stm32cube.ide.mcu.externaltools.cubeprogrammer.win32_1.1.0.201910081157\tools\bin\STM32_Programmer_CLI.exe -l
2020-01-06 00:02:27,713 [INFO] MainDdrPanel:90 - [DDR PANEL] SETTER - Set cubeProgrammerPath to: C:\ST\STM32CubeIDE_1.1.0\STM32CubeIDE\plugins\com.st.stm32cube.ide.mcu.externaltools.cubeprogrammer.win32_1.1.0.201910081157\tools\bin
2020-01-06 00:02:27,725 [INFO] Updater:886 - Updater Version found : 5.4.0
2020-01-06 00:02:27,768 [INFO] ApplicationProperties:181 - Using Application install path: C:\ST\STM32CubeIDE_1.1.0\STM32CubeIDE\plugins\com.st.stm32cube.common.mx_5.4.0.201910091541
2020-01-06 00:02:28,048 [INFO] MainUpdater:2232 - connection check result : 10
2020-01-06 00:02:28,049 [INFO] MainUpdater:236 - Updater Check For Update Now.
2020-01-06 00:02:28,050 [INFO] MicroXplorer:420 - Change Database Version : DB.5.0.40
2020-01-06 00:02:28,140 [INFO] CheckServerUpdateThread:92 - End of CheckServer Thread
2020-01-06 00:02:28,259 [INFO] MainUpdater:2232 - connection check result : 10
2020-01-06 00:02:28,263 [INFO] LogOutputStream:76 - [STDOUT_REDIRECT] Successfull proxy connection.
2020-01-06 00:02:28,515 [INFO] McuFinderGlobals:40 - Set McuFinder mode to 2 (CubeIDE integrated)
2020-01-06 00:02:28,556 [INFO] FinderPluginLoader:86 - Searching for filters in installed packs
2020-01-06 00:02:28,558 [INFO] DbMcusXml:106 - Load MCU database from C:\ST\STM32CubeIDE_1.1.0\STM32CubeIDE\plugins\com.st.stm32cube.common.mx_5.4.0.201910091541\\db\/mcu/families.xml
2020-01-06 00:02:31,544 [INFO] DbMcusJson:87 - JSON generation date=Wed Dec 11 20:27:49 GMT+09:00 2019 (1576063669)
2020-01-06 00:02:34,784 [INFO] DbMcus:193 - Found 1544 MCUs (1504 are supported by CubeMX, 1504 are visible in CubeMX)
2020-01-06 00:02:34,786 [INFO] ApiDb:158 - Load user favorites file C:\Users\yeong/.stm32cubeide/favorites.mcus.txt: 0 item(s)
2020-01-06 00:02:34,786 [INFO] ApiDb:163 - User favorites MCUs=[]
2020-01-06 00:02:34,786 [INFO] DbMcus:204 - Set 0 / 0 favorites MCUs
2020-01-06 00:02:36,577 [INFO] DbMcusAds:130 - JSON generation date=Thu Feb 21 01:46:15 GMT+09:00 2019 (1550681175)
2020-01-06 00:02:36,582 [INFO] LoadUrlFilesThread:161 - End of LoadServerUrlFiles without Thread
2020-01-06 00:02:36,647 [INFO] McuDetailPanel:180 - Set advertising image to C:/Users/yeong/STM32Cube/Repository/\PRSTM32MP10219-01-med.jpg
2020-01-06 00:02:38,423 [INFO] McuFilterPanel:282 - Update 0 favorites MCUs
2020-01-06 00:02:38,829 [INFO] DbBoardsPdsc:92 - Found 19 items
2020-01-06 00:02:38,834 [INFO] DbBoardsPdsc:92 - Found 9 items
2020-01-06 00:02:38,849 [INFO] DbBoardsPdsc:92 - Found 27 items
2020-01-06 00:02:38,852 [INFO] DbBoardsPdsc:92 - Found 1 items
2020-01-06 00:02:38,868 [INFO] DbBoardsPdsc:92 - Found 38 items
2020-01-06 00:02:38,885 [INFO] DbBoardsPdsc:92 - Found 38 items
2020-01-06 00:02:38,889 [INFO] DbBoardsPdsc:92 - Found 1 items
2020-01-06 00:02:39,075 [INFO] DbBoardsJson:79 - JSON generation date=Fri Dec 13 18:50:48 GMT+09:00 2019 (1576230648)
2020-01-06 00:02:39,119 [INFO] DbBoards:120 - Found 133 boards (132 are supported by CubeMX)
2020-01-06 00:02:39,175 [INFO] DbBoardsDocs:118 - JSON generation date=Wed Dec 11 20:27:49 GMT+09:00 2019 (1576063669)
2020-01-06 00:02:39,251 [INFO] DbBoardsDocs:57 - Found 160 boards documents
2020-01-06 00:02:39,255 [WARN] DbBoards:130 - board NUCLEO-H743ZI2 has no document id list !
2020-01-06 00:02:39,256 [WARN] DbBoards:130 - board P-NUCLEO-WB55-Nucleo has no document id list !
2020-01-06 00:02:39,257 [WARN] DbBoards:130 - board P-NUCLEO-WB55-USBDongle has no document id list !
2020-01-06 00:02:39,257 [WARN] DbBoards:130 - board P-NUCLEO-WB55 has no document id list !
2020-01-06 00:02:39,258 [WARN] DbBoards:130 - board STM32F401C-DISCO has no document id list !
2020-01-06 00:02:39,258 [WARN] DbBoards:130 - board STM32F769I-DISC1 has no document id list !
2020-01-06 00:02:39,259 [WARN] DbBoards:130 - board STM32L-DISCOVERY has no document id list !
2020-01-06 00:02:39,259 [WARN] DbBoards:130 - board STM32H747I-DISC1 has no document id list !
2020-01-06 00:02:39,260 [WARN] DbBoards:130 - board STM32MP157A-DK1 has no document id list !
2020-01-06 00:02:39,260 [WARN] DbBoards:130 - board STM32L562E-DK has no document id list !
2020-01-06 00:02:39,260 [WARN] DbBoards:130 - board STM32100E-EVAL has no document id list !
2020-01-06 00:02:39,260 [WARN] DbBoards:130 - board STM32303C-EVAL has no document id list !
2020-01-06 00:02:39,261 [WARN] DbBoards:130 - board STM32L152D-EVAL has no document id list !
2020-01-06 00:02:39,262 [WARN] DbBoards:130 - board STM32H743I-EVAL2 has no document id list !
2020-01-06 00:02:39,262 [WARN] DbBoards:130 - board STM32H753I-EVAL2 has no document id list !
2020-01-06 00:02:39,263 [WARN] DbBoards:130 - board STM32G474E-EVAL1 has no document id list !
2020-01-06 00:02:39,263 [WARN] DbBoards:130 - board STM32L552E-EV has no document id list !
2020-01-06 00:02:39,263 [WARN] DbBoards:130 - board STEVAL-MKSBOX1V1 has no document id list !
2020-01-06 00:02:41,843 [ERROR] DbBoards:192 - Image file not found for board STM32G0316-DISCO: C:\ST\STM32CubeIDE_1.1.0\STM32CubeIDE\plugins\com.st.stm32cube.common.mx_5.4.0.201910091541\\db\/plugins/mcufinder/images/boards/stm32g0316discovery_small.jpg
2020-01-06 00:02:42,782 [INFO] ApiDb:158 - Load user favorites file C:\Users\yeong/.stm32cubeide/favorites.boards.txt: 0 item(s)
2020-01-06 00:02:42,782 [INFO] ApiDb:163 - User favorites Boards=[]
2020-01-06 00:02:42,782 [INFO] DbBoards:209 - Set 0 / 0 favorites Boards
2020-01-06 00:02:42,982 [INFO] LoadUrlFilesThread:161 - End of LoadServerUrlFiles without Thread
2020-01-06 00:02:42,990 [INFO] BoardDetailPanel:179 - Set advertising image to C:/Users/yeong/STM32Cube/Repository/\PRSTM32MP10219-01-med.jpg
2020-01-06 00:02:43,033 [INFO] BoardFilterPanel:211 - Update 0 favorites Boards
2020-01-06 00:02:43,218 [INFO] CrossSelectorPresenter:1319 - Cross Selector saved comparison directory: C:\Users\yeong\.stmcufinder\plugins\mcufinder\mcu\cs_comparisons_mx
2020-01-06 00:02:50,938 [INFO] McuResultTable:721 - Mark MCU STM32F405RGTx as favorite
2020-01-06 00:02:51,239 [INFO] DbMcusDocs:126 - JSON generation date=Wed Dec 11 20:27:49 GMT+09:00 2019 (1576063669)
2020-01-06 00:02:51,548 [INFO] DbMcusDocs:61 - Found 537 MCUs documents
2020-01-06 00:03:06,330 [INFO] LogOutputStream:76 - [STDOUT_REDIRECT] withoutVersionV1.24.2
2020-01-06 00:03:06,331 [INFO] LogOutputStream:76 - [STDOUT_REDIRECT] withoutVersionV1.24.1
2020-01-06 00:03:06,331 [INFO] LogOutputStream:76 - [STDOUT_REDIRECT] withoutVersionV1.24.0
2020-01-06 00:03:07,078 [INFO] LogOutputStream:76 - [STDOUT_REDIRECT] File copied successfully!!
2020-01-06 00:03:09,708 [INFO] MainUpdater:2232 - connection check result : 10
2020-01-06 00:03:09,710 [INFO] LogOutputStream:76 - [STDOUT_REDIRECT] Successfull proxy connection.
2020-01-06 00:03:09,794 [INFO] MicroXplorer:390 - Change Database Path : 
2020-01-06 00:03:09,795 [INFO] MicroXplorer:420 - Change Database Version : DB.5.0.40
2020-01-06 00:03:09,797 [INFO] PinOutPanel:1367 - setPackage(No Configuration,No Configuration)
2020-01-06 00:03:09,798 [INFO] UtilMem:74 - Begin LoadConfig() Used Memory: 258000536 Bytes (360710144)
2020-01-06 00:03:09,799 [INFO] MicroXplorer:390 - Change Database Path : 
2020-01-06 00:03:09,799 [INFO] MicroXplorer:420 - Change Database Version : DB.5.0.40
2020-01-06 00:03:09,799 [INFO] OpenFileManager:269 - Change cursor
2020-01-06 00:03:13,429 [INFO] ImportTextPane:162 - (OptionalMessage_ERROR) Unable to find key (Mcu.ThirdPartyNb) in loaded IOC file
2020-01-06 00:03:13,429 [INFO] ImportTextPane:162 - (OptionalMessage_ERROR) Unable to find key (Mcu.PinsNb) in loaded IOC file
2020-01-06 00:03:13,429 [INFO] ImportTextPane:162 - (OptionalMessage_ERROR) Unable to find key (Mcu.IPNb) in loaded IOC file
2020-01-06 00:03:14,249 [INFO] UtilMem:74 - End LoadConfig() Used Memory: 399111336 Bytes (617611264)
2020-01-06 00:03:14,266 [INFO] ThirdPartyDb:294 - Open Third Party DataBase File (C:/Users/yeong/.stm32cubemx/plugins/thirdparty/db/thirdparties_db.xml) : 7 ms. number of Sw pack : 9
2020-01-06 00:03:14,364 [INFO] ThirdParty:897 - CMSIS Pack Vendor :STMicroelectronics X-CUBE-AI 5.0.0
2020-01-06 00:03:14,364 [INFO] ThirdParty:897 - CMSIS Pack Vendor :STMicroelectronics X-CUBE-BLE1 4.4.0
2020-01-06 00:03:14,364 [INFO] ThirdParty:897 - CMSIS Pack Vendor :STMicroelectronics X-CUBE-BLE2 1.0.0
2020-01-06 00:03:14,365 [INFO] ThirdParty:897 - CMSIS Pack Vendor :STMicroelectronics X-CUBE-GNSS1 4.0.0
2020-01-06 00:03:14,365 [INFO] ThirdParty:897 - CMSIS Pack Vendor :STMicroelectronics X-CUBE-MEMS1 7.0.0
2020-01-06 00:03:14,365 [INFO] ThirdParty:897 - CMSIS Pack Vendor :STMicroelectronics X-CUBE-NFC4 1.5.1
2020-01-06 00:03:14,365 [INFO] ThirdParty:897 - CMSIS Pack Vendor :STMicroelectronics X-CUBE-SUBG2 1.0.0
2020-01-06 00:03:14,365 [INFO] ThirdParty:897 - CMSIS Pack Vendor :STMicroelectronics X-CUBE-TOUCHGFX 4.13.0
2020-01-06 00:03:14,365 [INFO] ThirdParty:897 - CMSIS Pack Vendor :ARM CMSIS 5.6.0
2020-01-06 00:03:14,872 [INFO] PinOutPanel:1367 - setPackage(No Configuration,No Configuration)
2020-01-06 00:03:14,875 [INFO] PinOutPanel:1367 - setPackage(STM32F405RGTx,LQFP64)
2020-01-06 00:03:15,510 [INFO] UtilMem:74 - Before build in PCC Used Memory: 491376352 Bytes (617611264)
2020-01-06 00:03:16,028 [INFO] SharedServices:71 - Folder for power plug-in: C:/Users/yeong/.stm32cubemx/plugins/power
2020-01-06 00:03:16,030 [INFO] UtilMem:74 - After build in PCC Used Memory: 506056416 Bytes (617611264)
2020-01-06 00:03:16,043 [INFO] BlockDiagram:1827 - stop enableDisableButtons
2020-01-06 00:03:16,044 [INFO] IPUIPlugin:63 - create IPUIPlugin
2020-01-06 00:03:16,044 [INFO] IPUIPlugin:63 - create IPUIPlugin
2020-01-06 00:03:16,044 [INFO] IPUIPlugin:63 - create IPUIPlugin
2020-01-06 00:03:16,044 [INFO] IPUIPlugin:63 - create IPUIPlugin
2020-01-06 00:03:16,044 [INFO] IPUIPlugin:63 - create IPUIPlugin
2020-01-06 00:03:16,045 [INFO] IPUIPlugin:63 - create IPUIPlugin
2020-01-06 00:03:16,045 [INFO] IPUIPlugin:63 - create IPUIPlugin
2020-01-06 00:03:16,045 [INFO] IPUIPlugin:63 - create IPUIPlugin
2020-01-06 00:03:16,045 [INFO] IPUIPlugin:63 - create IPUIPlugin
2020-01-06 00:03:16,045 [INFO] IPUIPlugin:63 - create IPUIPlugin
2020-01-06 00:03:16,046 [INFO] IPUIPlugin:63 - create IPUIPlugin
2020-01-06 00:03:16,046 [INFO] IPUIPlugin:63 - create IPUIPlugin
2020-01-06 00:03:16,046 [INFO] IPUIPlugin:63 - create IPUIPlugin
2020-01-06 00:03:16,046 [INFO] IPUIPlugin:63 - create IPUIPlugin
2020-01-06 00:03:16,047 [INFO] IPUIPlugin:63 - create IPUIPlugin
2020-01-06 00:03:16,047 [INFO] IPUIPlugin:63 - create IPUIPlugin
2020-01-06 00:03:16,047 [INFO] IPUIPlugin:63 - create IPUIPlugin
2020-01-06 00:03:16,048 [INFO] IPUIPlugin:63 - create IPUIPlugin
2020-01-06 00:03:16,048 [INFO] IPUIPlugin:63 - create IPUIPlugin
2020-01-06 00:03:16,048 [INFO] IPUIPlugin:63 - create IPUIPlugin
2020-01-06 00:03:16,049 [INFO] IPUIPlugin:63 - create IPUIPlugin
2020-01-06 00:03:16,049 [INFO] IPUIPlugin:63 - create IPUIPlugin
2020-01-06 00:03:16,049 [INFO] IPUIPlugin:63 - create IPUIPlugin
2020-01-06 00:03:16,050 [INFO] IPUIPlugin:63 - create IPUIPlugin
2020-01-06 00:03:16,050 [INFO] IPUIPlugin:63 - create IPUIPlugin
2020-01-06 00:03:16,051 [INFO] IPUIPlugin:63 - create IPUIPlugin
2020-01-06 00:03:16,051 [INFO] IPUIPlugin:63 - create IPUIPlugin
2020-01-06 00:03:16,051 [INFO] IPUIPlugin:63 - create IPUIPlugin
2020-01-06 00:03:16,052 [INFO] IPUIPlugin:63 - create IPUIPlugin
2020-01-06 00:03:16,052 [INFO] IPUIPlugin:63 - create IPUIPlugin
2020-01-06 00:03:16,053 [INFO] IPUIPlugin:63 - create IPUIPlugin
2020-01-06 00:03:16,053 [INFO] IPUIPlugin:63 - create IPUIPlugin
2020-01-06 00:03:16,053 [INFO] IPUIPlugin:63 - create IPUIPlugin
2020-01-06 00:03:16,054 [INFO] IPUIPlugin:63 - create IPUIPlugin
2020-01-06 00:03:16,054 [INFO] IPUIPlugin:63 - create IPUIPlugin
2020-01-06 00:03:16,055 [INFO] IPUIPlugin:63 - create IPUIPlugin
2020-01-06 00:03:16,055 [INFO] IPUIPlugin:63 - create IPUIPlugin
2020-01-06 00:03:16,056 [INFO] IPUIPlugin:63 - create IPUIPlugin
2020-01-06 00:03:16,056 [INFO] IPUIPlugin:63 - create IPUIPlugin
2020-01-06 00:03:16,057 [INFO] IPUIPlugin:63 - create IPUIPlugin
2020-01-06 00:03:16,057 [INFO] IPUIPlugin:63 - create IPUIPlugin
2020-01-06 00:03:16,057 [INFO] IPUIPlugin:63 - create IPUIPlugin
2020-01-06 00:03:16,058 [INFO] IPUIPlugin:63 - create IPUIPlugin
2020-01-06 00:03:16,058 [INFO] IPUIPlugin:63 - create IPUIPlugin
2020-01-06 00:03:16,058 [INFO] IPUIPlugin:63 - create IPUIPlugin
2020-01-06 00:03:16,058 [INFO] IPUIPlugin:63 - create IPUIPlugin
2020-01-06 00:03:16,059 [INFO] IPUIPlugin:63 - create IPUIPlugin
2020-01-06 00:03:16,059 [INFO] IPUIPlugin:63 - create IPUIPlugin
2020-01-06 00:03:16,059 [INFO] IPUIPlugin:63 - create IPUIPlugin
2020-01-06 00:03:16,059 [INFO] IPUIPlugin:63 - create IPUIPlugin
2020-01-06 00:03:16,059 [INFO] IPUIPlugin:63 - create IPUIPlugin
2020-01-06 00:03:16,060 [INFO] IPUIPlugin:63 - create IPUIPlugin
2020-01-06 00:03:16,060 [INFO] IPUIPlugin:63 - create IPUIPlugin
2020-01-06 00:03:16,061 [INFO] IPUIPlugin:63 - create IPUIPlugin
2020-01-06 00:03:16,067 [INFO] BlockDiagram:1827 - stop enableDisableButtons
2020-01-06 00:03:16,099 [INFO] LogOutputStream:76 - [STDOUT_REDIRECT] toolchainItems.length=====1
2020-01-06 00:03:16,275 [INFO] OpenFileManager:289 - Restore cursor
2020-01-06 00:03:16,501 [INFO] BlockDiagram:1827 - stop enableDisableButtons
2020-01-06 00:03:16,589 [INFO] BlockDiagram:1827 - stop enableDisableButtons
2020-01-06 00:03:16,941 [INFO] UtilMem:74 - End SaveConfig() Used Memory: 536465120 Bytes (617611264)
2020-01-06 00:03:17,399 [INFO] ServerAccessManage:348 - Download File stm32cube_fw_f4_v1240.zip
2020-01-06 00:05:58,853 [INFO] FileExtend:210 - Unzip File : stm32cube_fw_f4_v1240.zip
2020-01-06 00:05:58,868 [INFO] FileExtend:225 - Standard Zip Deflate
2020-01-06 00:16:49,756 [INFO] ServerAccessManage:348 - Download File stm32cube_fw_f4_v1242.zip
2020-01-06 00:17:25,489 [INFO] FileExtend:210 - Unzip File : stm32cube_fw_f4_v1242.zip
2020-01-06 00:17:25,492 [INFO] FileExtend:225 - Standard Zip Deflate
2020-01-06 00:17:33,839 [INFO] LoadServerPackagesThread:155 - End of LoadServerPackages Thread
2020-01-06 00:17:33,920 [INFO] CheckServerUpdateThread:92 - End of CheckServer Thread
2020-01-06 00:17:33,935 [INFO] UtilMem:74 - End SaveConfig() Used Memory: 339121896 Bytes (1073741824)
2020-01-06 00:17:35,285 [INFO] BlockDiagram:1871 - set Specific Code input for plugin: SYS
2020-01-06 00:17:35,285 [INFO] BlockDiagram:1871 - set Specific Code input for plugin: NVIC
2020-01-06 00:17:35,317 [INFO] CodeGenerator:598 - code generatio: config db path: C:\ST\STM32CubeIDE_1.1.0\STM32CubeIDE\plugins\com.st.stm32cube.common.mx_5.4.0.201910091541\\db\
2020-01-06 00:17:36,416 [INFO] CodeEngine:193 - oldGeneratedFile, E:\git\ST-Firmware\src\1-1.Debug LED\MXTmpFiles\license.tmp_save
2020-01-06 00:17:37,493 [INFO] CodeEngine:211 - Generated code: E:\git\ST-Firmware\src\1-1.Debug LED\MXTmpFiles\license.tmp
2020-01-06 00:17:37,944 [INFO] LogOutputStream:76 - [STDOUT_REDIRECT] Command line
2020-01-06 00:17:37,947 [INFO] LogOutputStream:76 - [STDOUT_REDIRECT] Debug : prepare data for SYS
2020-01-06 00:17:37,949 [INFO] LogOutputStream:76 - [STDOUT_REDIRECT] Command line test
2020-01-06 00:17:37,953 [INFO] LogOutputStream:76 - [STDOUT_REDIRECT] Debug : prepare data for NVIC
2020-01-06 00:17:37,955 [INFO] LogOutputStream:76 - [STDOUT_REDIRECT] Command line test
2020-01-06 00:17:38,514 [INFO] CodeEngine:193 - oldGeneratedFile, E:\git\ST-Firmware\src\1-1.Debug LED\Core\Src\stm32f4xx_it.c_save
2020-01-06 00:17:39,270 [INFO] CodeEngine:211 - Generated code: E:\git\ST-Firmware\src\1-1.Debug LED\Core\Src\stm32f4xx_it.c
2020-01-06 00:17:39,445 [INFO] CodeEngine:193 - oldGeneratedFile, E:\git\ST-Firmware\src\1-1.Debug LED\Core\Inc\stm32f4xx_it.h_save
2020-01-06 00:17:39,988 [INFO] CodeEngine:211 - Generated code: E:\git\ST-Firmware\src\1-1.Debug LED\Core\Inc\stm32f4xx_it.h
2020-01-06 00:17:40,142 [INFO] CodeEngine:193 - oldGeneratedFile, E:\git\ST-Firmware\src\1-1.Debug LED\Core\Src\stm32f4xx_hal_msp.c_save
2020-01-06 00:17:40,869 [INFO] CodeEngine:211 - Generated code: E:\git\ST-Firmware\src\1-1.Debug LED\Core\Src\stm32f4xx_hal_msp.c
2020-01-06 00:17:40,993 [INFO] CodeEngine:193 - oldGeneratedFile, E:\git\ST-Firmware\src\1-1.Debug LED\MXTmpFiles\system.tmp_save
2020-01-06 00:17:41,502 [INFO] CodeEngine:211 - Generated code: E:\git\ST-Firmware\src\1-1.Debug LED\MXTmpFiles\system.tmp
2020-01-06 00:17:41,672 [INFO] CodeEngine:193 - oldGeneratedFile, E:\git\ST-Firmware\src\1-1.Debug LED\Core\Inc\stm32f4xx_hal_conf.h_save
2020-01-06 00:17:42,085 [INFO] CodeEngine:211 - Generated code: E:\git\ST-Firmware\src\1-1.Debug LED\Core\Inc\stm32f4xx_hal_conf.h
2020-01-06 00:17:42,449 [INFO] CodeEngine:193 - oldGeneratedFile, E:\git\ST-Firmware\src\1-1.Debug LED\Core\Inc\main.h_save
2020-01-06 00:17:42,891 [INFO] CodeEngine:211 - Generated code: E:\git\ST-Firmware\src\1-1.Debug LED\Core\Inc\main.h
2020-01-06 00:17:43,009 [INFO] CodeEngine:193 - oldGeneratedFile, E:\git\ST-Firmware\src\1-1.Debug LED\Core\Src\main.c_save
2020-01-06 00:17:43,532 [INFO] CodeEngine:211 - Generated code: E:\git\ST-Firmware\src\1-1.Debug LED\Core\Src\main.c
2020-01-06 00:17:47,149 [INFO] ProjectBuilder:1645 - Time for Copy HAL[1] : 2434mS.
2020-01-06 00:17:47,177 [INFO] ProjectBuilder:2206 - Project Generator version: 3.5.2
2020-01-06 00:17:47,924 [INFO] ConfigFileManager:953 - The Die is : DIE413
2020-01-06 00:18:04,471 [INFO] ProjectBuilder:2373 - Time for Generating toolchain IDE Files: 17294mS.
2020-01-06 00:18:04,517 [INFO] ProjectBuilder:1505 - Time for Copy CMSIS : 45mS.
2020-01-06 00:18:04,523 [INFO] ProjectBuilder:1505 - Time for Copy CMSIS : 0mS.
2020-01-06 00:19:00,217 [INFO] LogOutputStream:76 - [STDOUT_REDIRECT] Tab changed to: Clock Configuration
2020-01-06 00:19:00,875 [INFO] LogOutputStream:76 - [STDOUT_REDIRECT] Tab changed to: Pinout & Configuration
2020-01-06 00:22:25,729 [INFO] BlockDiagram:1827 - stop enableDisableButtons
2020-01-06 00:22:28,026 [INFO] BlockDiagram:1827 - stop enableDisableButtons
2020-01-06 00:22:31,243 [INFO] BlockDiagram:1827 - stop enableDisableButtons
2020-01-06 00:23:33,970 [INFO] LogOutputStream:76 - [STDOUT_REDIRECT] Tab changed to: Clock Configuration
2020-01-06 00:23:36,180 [INFO] LogOutputStream:76 - [STDOUT_REDIRECT] Tab changed to: Pinout & Configuration
2020-01-06 00:23:38,876 [INFO] BlockDiagram:1827 - stop enableDisableButtons
2020-01-06 00:23:40,256 [INFO] BlockDiagram:1827 - stop enableDisableButtons
2020-01-06 00:23:44,878 [INFO] BlockDiagram:1827 - stop enableDisableButtons
2020-01-06 00:23:44,987 [INFO] BlockDiagram:1827 - stop enableDisableButtons
2020-01-06 00:24:30,148 [INFO] LogOutputStream:76 - [STDOUT_REDIRECT] Tab changed to: Clock Configuration
2020-01-06 00:24:50,082 [INFO] BlockDiagram:1827 - stop enableDisableButtons
2020-01-06 00:24:58,289 [INFO] UtilMem:74 - End SaveConfig() Used Memory: 495036072 Bytes (1073741824)
2020-01-06 00:25:08,840 [INFO] BlockDiagram:1827 - stop enableDisableButtons
2020-01-06 00:25:35,043 [INFO] Activator:176 - 


2020-01-06 00:25:35,048 [INFO] Activator:177 - !SESSION log4j initialized
2020-01-06 00:25:58,876 [INFO] ApplicationProperties:181 - Using Application install path: C:\ST\STM32CubeIDE_1.1.0\STM32CubeIDE\plugins\com.st.stm32cube.common.mx_5.4.0.201910091541
2020-01-06 00:25:58,909 [INFO] DbMcusXml:68 - Set database path to: C:\ST\STM32CubeIDE_1.1.0\STM32CubeIDE\plugins\com.st.stm32cube.common.mx_5.4.0.201910091541\\db\/mcu/
2020-01-06 00:25:58,918 [INFO] DbBoardsPdsc:54 - Set plugin database path to: C:\ST\STM32CubeIDE_1.1.0\STM32CubeIDE\plugins\com.st.stm32cube.common.mx_5.4.0.201910091541\\db\/plugins/boardmanager/
2020-01-06 00:25:58,919 [INFO] DbMcus:265 - Set plugin images path to: C:\ST\STM32CubeIDE_1.1.0\STM32CubeIDE\plugins\com.st.stm32cube.common.mx_5.4.0.201910091541\\db\/plugins/mcufinder/images/
2020-01-06 00:25:58,919 [INFO] DbBoards:232 - Set plugin images path to: C:\ST\STM32CubeIDE_1.1.0\STM32CubeIDE\plugins\com.st.stm32cube.common.mx_5.4.0.201910091541\\db\/plugins/mcufinder/images/
2020-01-06 00:25:58,926 [INFO] APIGFXSelector:72 - Set database path to: C:\ST\STM32CubeIDE_1.1.0\STM32CubeIDE\plugins\com.st.stm32cube.common.mx_5.4.0.201910091541\\db\/plugins/mcufinder/mcu/
2020-01-06 00:25:58,941 [INFO] DbMcusAds:72 - Set database path to: C:\Users\yeong\.stmcufinder\plugins\mcufinder//mcu/
2020-01-06 00:25:58,944 [INFO] DbMcusDocs:92 - Set database path to: C:\Users\yeong\.stmcufinder\plugins\mcufinder//mcu/
2020-01-06 00:25:58,948 [INFO] DbMcusJson:59 - Set database path to: C:\Users\yeong\.stmcufinder\plugins\mcufinder//mcu/
2020-01-06 00:25:58,950 [INFO] DbBoardsDocs:84 - Set database path to: C:\Users\yeong\.stmcufinder\plugins\mcufinder//mcu/
2020-01-06 00:25:58,952 [INFO] DbBoardsJson:51 - Set database path to: C:\Users\yeong\.stmcufinder\plugins\mcufinder//mcu/
2020-01-06 00:25:58,994 [INFO] CrossReferenceDbSqlite:197 - Set database path to: C:\Users\yeong\.stmcufinder\plugins\mcufinder//mcu/cs/
2020-01-06 00:25:59,324 [INFO] RulesReader:52 - Compatibility file has been processed (179 Rules)
2020-01-06 00:25:59,665 [INFO] MicroXplorer:570 - Detected Java Version = 1.8.0_202
2020-01-06 00:25:59,666 [INFO] DbMcusXml:68 - Set database path to: C:\ST\STM32CubeIDE_1.1.0\STM32CubeIDE\plugins\com.st.stm32cube.common.mx_5.4.0.201910091541\\db\/mcu/
2020-01-06 00:25:59,667 [INFO] DbBoardsPdsc:54 - Set plugin database path to: C:\ST\STM32CubeIDE_1.1.0\STM32CubeIDE\plugins\com.st.stm32cube.common.mx_5.4.0.201910091541\\db\/plugins/boardmanager/
2020-01-06 00:25:59,669 [INFO] DbMcus:265 - Set plugin images path to: C:\ST\STM32CubeIDE_1.1.0\STM32CubeIDE\plugins\com.st.stm32cube.common.mx_5.4.0.201910091541\\db\/plugins/mcufinder/images/
2020-01-06 00:25:59,670 [INFO] DbBoards:232 - Set plugin images path to: C:\ST\STM32CubeIDE_1.1.0\STM32CubeIDE\plugins\com.st.stm32cube.common.mx_5.4.0.201910091541\\db\/plugins/mcufinder/images/
2020-01-06 00:25:59,678 [INFO] APIGFXSelector:72 - Set database path to: C:\ST\STM32CubeIDE_1.1.0\STM32CubeIDE\plugins\com.st.stm32cube.common.mx_5.4.0.201910091541\\db\/plugins/mcufinder/mcu/
2020-01-06 00:25:59,680 [WARN] DbFile:31 - Overriding database path with different value: C:\Users\yeong\.stmcufinder\plugins\mcufinder/ => C:\Users\yeong\.stmcufinder\plugins\mcufinder
2020-01-06 00:25:59,681 [INFO] DbMcusAds:72 - Set database path to: C:\Users\yeong\.stmcufinder\plugins\mcufinder//mcu/
2020-01-06 00:25:59,681 [WARN] DbFile:31 - Overriding database path with different value: C:\Users\yeong\.stmcufinder\plugins\mcufinder/ => C:\Users\yeong\.stmcufinder\plugins\mcufinder
2020-01-06 00:25:59,682 [INFO] DbMcusDocs:92 - Set database path to: C:\Users\yeong\.stmcufinder\plugins\mcufinder//mcu/
2020-01-06 00:25:59,683 [WARN] DbFile:31 - Overriding database path with different value: C:\Users\yeong\.stmcufinder\plugins\mcufinder/ => C:\Users\yeong\.stmcufinder\plugins\mcufinder
2020-01-06 00:25:59,683 [INFO] DbMcusJson:59 - Set database path to: C:\Users\yeong\.stmcufinder\plugins\mcufinder//mcu/
2020-01-06 00:25:59,684 [WARN] DbFile:31 - Overriding database path with different value: C:\Users\yeong\.stmcufinder\plugins\mcufinder/ => C:\Users\yeong\.stmcufinder\plugins\mcufinder
2020-01-06 00:25:59,685 [INFO] DbBoardsDocs:84 - Set database path to: C:\Users\yeong\.stmcufinder\plugins\mcufinder//mcu/
2020-01-06 00:25:59,686 [WARN] DbFile:31 - Overriding database path with different value: C:\Users\yeong\.stmcufinder\plugins\mcufinder/ => C:\Users\yeong\.stmcufinder\plugins\mcufinder
2020-01-06 00:25:59,687 [INFO] DbBoardsJson:51 - Set database path to: C:\Users\yeong\.stmcufinder\plugins\mcufinder//mcu/
2020-01-06 00:25:59,688 [WARN] DbFile:31 - Overriding database path with different value: C:\Users\yeong\.stmcufinder\plugins\mcufinder/ => C:\Users\yeong\.stmcufinder\plugins\mcufinder
2020-01-06 00:25:59,689 [WARN] DbFile:31 - Overriding database path with different value: C:\Users\yeong\.stmcufinder\plugins\mcufinder/ => C:\Users\yeong\.stmcufinder\plugins\mcufinder
2020-01-06 00:25:59,690 [INFO] CrossReferenceDbSqlite:197 - Set database path to: C:\Users\yeong\.stmcufinder\plugins\mcufinder//mcu/cs/
2020-01-06 00:25:59,877 [INFO] MainPanel:185 - HeapMemory: 290455552
2020-01-06 00:26:00,022 [INFO] DbMcusXml:68 - Set database path to: C:\ST\STM32CubeIDE_1.1.0\STM32CubeIDE\plugins\com.st.stm32cube.common.mx_5.4.0.201910091541\\db\/mcu/
2020-01-06 00:26:00,023 [INFO] DbBoardsPdsc:54 - Set plugin database path to: C:\ST\STM32CubeIDE_1.1.0\STM32CubeIDE\plugins\com.st.stm32cube.common.mx_5.4.0.201910091541\\db\/plugins/boardmanager/
2020-01-06 00:26:00,024 [INFO] DbMcus:265 - Set plugin images path to: C:\ST\STM32CubeIDE_1.1.0\STM32CubeIDE\plugins\com.st.stm32cube.common.mx_5.4.0.201910091541\\db\/plugins/mcufinder/images/
2020-01-06 00:26:00,024 [INFO] DbBoards:232 - Set plugin images path to: C:\ST\STM32CubeIDE_1.1.0\STM32CubeIDE\plugins\com.st.stm32cube.common.mx_5.4.0.201910091541\\db\/plugins/mcufinder/images/
2020-01-06 00:26:00,025 [INFO] APIGFXSelector:72 - Set database path to: C:\ST\STM32CubeIDE_1.1.0\STM32CubeIDE\plugins\com.st.stm32cube.common.mx_5.4.0.201910091541\\db\/plugins/mcufinder/mcu/
2020-01-06 00:26:00,026 [WARN] DbFile:31 - Overriding database path with different value: C:\Users\yeong\.stmcufinder\plugins\mcufinder/ => C:\Users\yeong\.stmcufinder\plugins\mcufinder
2020-01-06 00:26:00,027 [INFO] DbMcusAds:72 - Set database path to: C:\Users\yeong\.stmcufinder\plugins\mcufinder//mcu/
2020-01-06 00:26:00,028 [WARN] DbFile:31 - Overriding database path with different value: C:\Users\yeong\.stmcufinder\plugins\mcufinder/ => C:\Users\yeong\.stmcufinder\plugins\mcufinder
2020-01-06 00:26:00,029 [INFO] DbMcusDocs:92 - Set database path to: C:\Users\yeong\.stmcufinder\plugins\mcufinder//mcu/
2020-01-06 00:26:00,030 [WARN] DbFile:31 - Overriding database path with different value: C:\Users\yeong\.stmcufinder\plugins\mcufinder/ => C:\Users\yeong\.stmcufinder\plugins\mcufinder
2020-01-06 00:26:00,031 [INFO] DbMcusJson:59 - Set database path to: C:\Users\yeong\.stmcufinder\plugins\mcufinder//mcu/
2020-01-06 00:26:00,032 [WARN] DbFile:31 - Overriding database path with different value: C:\Users\yeong\.stmcufinder\plugins\mcufinder/ => C:\Users\yeong\.stmcufinder\plugins\mcufinder
2020-01-06 00:26:00,032 [INFO] DbBoardsDocs:84 - Set database path to: C:\Users\yeong\.stmcufinder\plugins\mcufinder//mcu/
2020-01-06 00:26:00,032 [WARN] DbFile:31 - Overriding database path with different value: C:\Users\yeong\.stmcufinder\plugins\mcufinder/ => C:\Users\yeong\.stmcufinder\plugins\mcufinder
2020-01-06 00:26:00,033 [INFO] DbBoardsJson:51 - Set database path to: C:\Users\yeong\.stmcufinder\plugins\mcufinder//mcu/
2020-01-06 00:26:00,033 [WARN] DbFile:31 - Overriding database path with different value: C:\Users\yeong\.stmcufinder\plugins\mcufinder/ => C:\Users\yeong\.stmcufinder\plugins\mcufinder
2020-01-06 00:26:00,034 [WARN] DbFile:31 - Overriding database path with different value: C:\Users\yeong\.stmcufinder\plugins\mcufinder/ => C:\Users\yeong\.stmcufinder\plugins\mcufinder
2020-01-06 00:26:00,034 [INFO] CrossReferenceDbSqlite:197 - Set database path to: C:\Users\yeong\.stmcufinder\plugins\mcufinder//mcu/cs/
2020-01-06 00:26:00,070 [INFO] ApplicationProperties:181 - Using Application install path: C:\ST\STM32CubeIDE_1.1.0\STM32CubeIDE\plugins\com.st.stm32cube.common.mx_5.4.0.201910091541
2020-01-06 00:26:00,073 [INFO] PluginManage:178 - Search for loadable plugins [exclusion list=]
2020-01-06 00:26:00,077 [INFO] PluginManage:292 - Check plugin analytics
2020-01-06 00:26:00,091 [INFO] PluginManage:342 - Loaded plugin analytics (category:tool,tabindex:-1)
2020-01-06 00:26:00,091 [INFO] PluginManage:292 - Check plugin clock
2020-01-06 00:26:00,109 [INFO] PluginManage:342 - Loaded plugin clock (category:base,tabindex:2)
2020-01-06 00:26:00,110 [INFO] PluginManage:292 - Check plugin ddr
2020-01-06 00:26:00,115 [INFO] PluginManage:342 - Loaded plugin ddr (category:tool,tabindex:6)
2020-01-06 00:26:00,116 [INFO] PluginManage:292 - Check plugin filemanager
2020-01-06 00:26:00,329 [INFO] PluginManage:342 - Loaded plugin filemanager (category:base,tabindex:10)
2020-01-06 00:26:00,330 [INFO] PluginManage:292 - Check plugin ipmanager
2020-01-06 00:26:00,348 [INFO] PluginManage:342 - Loaded plugin ipmanager (category:base,tabindex:5)
2020-01-06 00:26:00,349 [INFO] PluginManage:292 - Check plugin pinoutandconfiguration
2020-01-06 00:26:00,362 [INFO] PluginManage:342 - Loaded plugin pinoutandconfiguration (category:base,tabindex:1)
2020-01-06 00:26:00,363 [INFO] PluginManage:292 - Check plugin pinoutconfig
2020-01-06 00:26:00,402 [INFO] PluginManage:342 - Loaded plugin pinoutconfig (category:base,tabindex:0)
2020-01-06 00:26:00,402 [INFO] PluginManage:292 - Check plugin power
2020-01-06 00:26:00,419 [INFO] PluginManage:342 - Loaded plugin power (category:power,tabindex:4)
2020-01-06 00:26:00,419 [INFO] PluginManage:292 - Check plugin projectmanager
2020-01-06 00:26:00,442 [INFO] PluginManage:342 - Loaded plugin projectmanager (category:projectmanager,tabindex:3)
2020-01-06 00:26:00,442 [INFO] PluginManage:292 - Check plugin thirdparty
2020-01-06 00:26:00,521 [INFO] ThirdPartyDb:294 - Open Third Party DataBase File (C:/Users/yeong/.stm32cubemx/plugins/thirdparty/db/thirdparties_db.xml) : 35 ms. number of Sw pack : 9
2020-01-06 00:26:00,545 [INFO] PluginManage:342 - Loaded plugin thirdparty (category:base,tabindex:-1)
2020-01-06 00:26:00,547 [INFO] PluginManage:292 - Check plugin tools
2020-01-06 00:26:00,552 [INFO] PluginManage:342 - Loaded plugin tools (category:base,tabindex:7)
2020-01-06 00:26:00,553 [INFO] PluginManage:292 - Check plugin updater
2020-01-06 00:26:00,602 [INFO] PluginManage:342 - Loaded plugin updater (category:base,tabindex:12)
2020-01-06 00:26:00,604 [INFO] PluginManage:265 - PluginManage : Loaded plugins [12]
2020-01-06 00:26:01,132 [INFO] PinOutPanel:1367 - setPackage(No Configuration,No Configuration)
2020-01-06 00:26:01,329 [INFO] IPUIPlugin:63 - create IPUIPlugin
2020-01-06 00:26:01,329 [INFO] PluginManager:200 - loadIPPluginJar : add adc
2020-01-06 00:26:01,333 [INFO] IPUIPlugin:63 - create IPUIPlugin
2020-01-06 00:26:01,334 [INFO] PluginManager:200 - loadIPPluginJar : add aes
2020-01-06 00:26:01,337 [INFO] IPUIPlugin:63 - create IPUIPlugin
2020-01-06 00:26:01,338 [INFO] PluginManager:200 - loadIPPluginJar : add can
2020-01-06 00:26:01,341 [INFO] IPUIPlugin:63 - create IPUIPlugin
2020-01-06 00:26:01,341 [INFO] PluginManager:200 - loadIPPluginJar : add comp
2020-01-06 00:26:01,345 [INFO] IPUIPlugin:63 - create IPUIPlugin
2020-01-06 00:26:01,346 [INFO] PluginManager:200 - loadIPPluginJar : add cryp
2020-01-06 00:26:01,350 [INFO] IPUIPlugin:63 - create IPUIPlugin
2020-01-06 00:26:01,350 [INFO] PluginManager:200 - loadIPPluginJar : add dfsdm
2020-01-06 00:26:01,358 [INFO] IPUIPlugin:63 - create IPUIPlugin
2020-01-06 00:26:01,359 [INFO] PluginManager:200 - loadIPPluginJar : add dma
2020-01-06 00:26:01,362 [INFO] IPUIPlugin:63 - create IPUIPlugin
2020-01-06 00:26:01,362 [INFO] PluginManager:200 - loadIPPluginJar : add fatfs
2020-01-06 00:26:01,369 [INFO] IPUIPlugin:63 - create IPUIPlugin
2020-01-06 00:26:01,370 [INFO] PluginManager:200 - loadIPPluginJar : add fmc
2020-01-06 00:26:01,378 [INFO] IPUIPlugin:63 - create IPUIPlugin
2020-01-06 00:26:01,379 [INFO] PluginManager:200 - loadIPPluginJar : add freertos
2020-01-06 00:26:01,383 [INFO] IPUIPlugin:63 - create IPUIPlugin
2020-01-06 00:26:01,384 [INFO] PluginManager:200 - loadIPPluginJar : add genericplugin
2020-01-06 00:26:01,388 [INFO] IPUIPlugin:63 - create IPUIPlugin
2020-01-06 00:26:01,389 [INFO] PluginManager:200 - loadIPPluginJar : add gfxmmu
2020-01-06 00:26:01,396 [INFO] IPUIPlugin:63 - create IPUIPlugin
2020-01-06 00:26:01,397 [INFO] PluginManager:200 - loadIPPluginJar : add gfxsimulator
2020-01-06 00:26:01,405 [INFO] IPUIPlugin:63 - create IPUIPlugin
2020-01-06 00:26:01,405 [INFO] PluginManager:200 - loadIPPluginJar : add gic
2020-01-06 00:26:01,411 [INFO] IPUIPlugin:63 - create IPUIPlugin
2020-01-06 00:26:01,411 [INFO] PluginManager:200 - loadIPPluginJar : add gpio
2020-01-06 00:26:01,416 [INFO] IPUIPlugin:63 - create IPUIPlugin
2020-01-06 00:26:01,416 [INFO] PluginManager:200 - loadIPPluginJar : add gtzc
2020-01-06 00:26:01,419 [INFO] IPUIPlugin:63 - create IPUIPlugin
2020-01-06 00:26:01,420 [INFO] PluginManager:200 - loadIPPluginJar : add hash
2020-01-06 00:26:01,424 [INFO] IPUIPlugin:63 - create IPUIPlugin
2020-01-06 00:26:01,425 [INFO] PluginManager:200 - loadIPPluginJar : add i2c
2020-01-06 00:26:01,429 [INFO] IPUIPlugin:63 - create IPUIPlugin
2020-01-06 00:26:01,430 [INFO] PluginManager:200 - loadIPPluginJar : add i2s
2020-01-06 00:26:01,606 [INFO] IPUIPlugin:63 - create IPUIPlugin
2020-01-06 00:26:01,606 [INFO] PluginManager:200 - loadIPPluginJar : add ipddr
2020-01-06 00:26:01,609 [INFO] IPUIPlugin:63 - create IPUIPlugin
2020-01-06 00:26:01,609 [INFO] PluginManager:200 - loadIPPluginJar : add ltdc
2020-01-06 00:26:01,615 [INFO] IPUIPlugin:63 - create IPUIPlugin
2020-01-06 00:26:01,615 [INFO] PluginManager:200 - loadIPPluginJar : add mdma
2020-01-06 00:26:01,620 [INFO] IPUIPlugin:63 - create IPUIPlugin
2020-01-06 00:26:01,621 [INFO] PluginManager:200 - loadIPPluginJar : add nvic
2020-01-06 00:26:01,625 [INFO] IPUIPlugin:63 - create IPUIPlugin
2020-01-06 00:26:01,626 [INFO] PluginManager:200 - loadIPPluginJar : add opamp
2020-01-06 00:26:01,631 [INFO] IPUIPlugin:63 - create IPUIPlugin
2020-01-06 00:26:01,631 [INFO] PluginManager:200 - loadIPPluginJar : add pdm2pcm
2020-01-06 00:26:01,640 [INFO] IPUIPlugin:63 - create IPUIPlugin
2020-01-06 00:26:01,644 [INFO] PluginManager:200 - loadIPPluginJar : add plateformsettings
2020-01-06 00:26:01,649 [INFO] IPUIPlugin:63 - create IPUIPlugin
2020-01-06 00:26:01,649 [INFO] PluginManager:200 - loadIPPluginJar : add quadspi
2020-01-06 00:26:01,655 [INFO] IPUIPlugin:63 - create IPUIPlugin
2020-01-06 00:26:01,655 [INFO] PluginManager:200 - loadIPPluginJar : add resmgrutility
2020-01-06 00:26:01,660 [INFO] IPUIPlugin:63 - create IPUIPlugin
2020-01-06 00:26:01,661 [INFO] PluginManager:200 - loadIPPluginJar : add sai
2020-01-06 00:26:01,666 [INFO] IPUIPlugin:63 - create IPUIPlugin
2020-01-06 00:26:01,667 [INFO] PluginManager:200 - loadIPPluginJar : add spi
2020-01-06 00:26:01,671 [INFO] IPUIPlugin:63 - create IPUIPlugin
2020-01-06 00:26:01,671 [INFO] PluginManager:200 - loadIPPluginJar : add stm32_wpan
2020-01-06 00:26:01,675 [INFO] IPUIPlugin:63 - create IPUIPlugin
2020-01-06 00:26:01,675 [INFO] PluginManager:200 - loadIPPluginJar : add tim
2020-01-06 00:26:01,681 [INFO] IPUIPlugin:63 - create IPUIPlugin
2020-01-06 00:26:01,682 [INFO] PluginManager:200 - loadIPPluginJar : add touchsensing
2020-01-06 00:26:01,685 [INFO] IPUIPlugin:63 - create IPUIPlugin
2020-01-06 00:26:01,686 [INFO] PluginManager:200 - loadIPPluginJar : add tracer_emb
2020-01-06 00:26:01,699 [INFO] IPUIPlugin:63 - create IPUIPlugin
2020-01-06 00:26:01,700 [INFO] PluginManager:200 - loadIPPluginJar : add ts
2020-01-06 00:26:01,704 [INFO] IPUIPlugin:63 - create IPUIPlugin
2020-01-06 00:26:01,704 [INFO] PluginManager:200 - loadIPPluginJar : add tsc
2020-01-06 00:26:01,707 [INFO] IPUIPlugin:63 - create IPUIPlugin
2020-01-06 00:26:01,707 [INFO] PluginManager:200 - loadIPPluginJar : add ucpd
2020-01-06 00:26:01,713 [INFO] IPUIPlugin:63 - create IPUIPlugin
2020-01-06 00:26:01,713 [INFO] PluginManager:200 - loadIPPluginJar : add usart
2020-01-06 00:26:02,971 [INFO] BoardConnectionPanel:220 - [DDR PANEL] osNameString: Windows
2020-01-06 00:26:03,170 [INFO] BoardConnectionPanel:3149 - [DDR PANEL] STM32CubeIDE environment
2020-01-06 00:26:03,171 [INFO] MainDdrPanel:100 - [DDR PANEL] GETTER - cubeProgrammerPath is: null
2020-01-06 00:26:03,413 [FATAL] Updater:277 - Updater called before beeing initialized
2020-01-06 00:26:03,569 [FATAL] Updater:277 - Updater called before beeing initialized
2020-01-06 00:26:03,569 [ERROR] IntegrityCheckThread:230 - Cannot obtain thirdParties list 21
2020-01-06 00:26:03,569 [ERROR] IntegrityCheckThread:99 - Unexpected exception IntegrityCheckThread Thread: Updater error
2020-01-06 00:26:03,571 [INFO] ThirdPartyDb:264 - Close Third Party DataBase File (C:/Users/yeong/.stm32cubemx/plugins/thirdparty/db/thirdparties_db.xml)
2020-01-06 00:26:04,274 [FATAL] Updater:277 - Updater called before beeing initialized
2020-01-06 00:26:04,293 [INFO] PinOutPanel:1367 - setPackage(No Configuration,No Configuration)
2020-01-06 00:26:04,295 [FATAL] Updater:277 - Updater called before beeing initialized
2020-01-06 00:26:04,314 [INFO] BoardConnectionPanel:3149 - [DDR PANEL] STM32CubeIDE environment
2020-01-06 00:26:04,315 [INFO] MainDdrPanel:100 - [DDR PANEL] GETTER - cubeProgrammerPath is: C:\ST\STM32CubeIDE_1.1.0\STM32CubeIDE\plugins\com.st.stm32cube.ide.mcu.externaltools.cubeprogrammer.win32_1.1.0.201910081157\tools\bin
2020-01-06 00:26:04,336 [INFO] ProgrammerExecThread:148 - [ProgrammerAPI] CubeProgrammer command construction: C:\ST\STM32CubeIDE_1.1.0\STM32CubeIDE\plugins\com.st.stm32cube.ide.mcu.externaltools.cubeprogrammer.win32_1.1.0.201910081157\tools\bin\STM32_Programmer_CLI.exe -l
2020-01-06 00:26:05,021 [INFO] MainDdrPanel:90 - [DDR PANEL] SETTER - Set cubeProgrammerPath to: C:\ST\STM32CubeIDE_1.1.0\STM32CubeIDE\plugins\com.st.stm32cube.ide.mcu.externaltools.cubeprogrammer.win32_1.1.0.201910081157\tools\bin
2020-01-06 00:26:05,162 [INFO] Updater:886 - Updater Version found : 5.4.0
2020-01-06 00:26:05,287 [INFO] ApplicationProperties:181 - Using Application install path: C:\ST\STM32CubeIDE_1.1.0\STM32CubeIDE\plugins\com.st.stm32cube.common.mx_5.4.0.201910091541
2020-01-06 00:26:05,599 [INFO] MainUpdater:2232 - connection check result : 10
2020-01-06 00:26:05,601 [INFO] MainUpdater:236 - Updater Check For Update Now.
2020-01-06 00:26:05,602 [INFO] MicroXplorer:420 - Change Database Version : DB.5.0.40
2020-01-06 00:26:05,748 [INFO] CheckServerUpdateThread:92 - End of CheckServer Thread
2020-01-06 00:26:05,827 [INFO] MainUpdater:2232 - connection check result : 10
2020-01-06 00:26:05,830 [INFO] LogOutputStream:76 - [STDOUT_REDIRECT] Successfull proxy connection.
2020-01-06 00:26:06,198 [INFO] MicroXplorer:390 - Change Database Path : 
2020-01-06 00:26:06,199 [INFO] MicroXplorer:420 - Change Database Version : DB.5.0.40
2020-01-06 00:26:06,204 [INFO] PinOutPanel:1367 - setPackage(No Configuration,No Configuration)
2020-01-06 00:26:06,204 [INFO] UtilMem:74 - Begin LoadConfig() Used Memory: 172485856 Bytes (290455552)
2020-01-06 00:26:06,206 [INFO] MicroXplorer:390 - Change Database Path : 
2020-01-06 00:26:06,208 [INFO] MicroXplorer:420 - Change Database Version : DB.5.0.40
2020-01-06 00:26:06,209 [INFO] OpenFileManager:269 - Change cursor
2020-01-06 00:26:13,634 [INFO] ImportTextPane:162 - (OptionalMessage_ERROR) IP (RCC) : Parameter (48MHZClocksFreq_Value) has invalid value (26475000000)
2020-01-06 00:26:13,635 [INFO] ImportTextPane:162 - (OptionalMessage_ERROR) IP (RCC) : Parameter (HSE_VALUE) has invalid value (8825000000)
2020-01-06 00:26:13,638 [INFO] ImportTextPane:162 - (OptionalMessage_ERROR) IP (RCC) : Parameter (I2SClocksFreq_Value) has invalid value (52950000000)
2020-01-06 00:26:13,643 [INFO] ImportTextPane:162 - (OptionalMessage_ERROR) IP (RCC) : Parameter (RTCHSEDivFreq_Value) has invalid value (4412500000)
2020-01-06 00:26:14,352 [INFO] UtilMem:74 - End LoadConfig() Used Memory: 229903208 Bytes (290455552)
2020-01-06 00:26:14,373 [INFO] ThirdPartyDb:294 - Open Third Party DataBase File (C:/Users/yeong/.stm32cubemx/plugins/thirdparty/db/thirdparties_db.xml) : 9 ms. number of Sw pack : 9
2020-01-06 00:26:14,532 [INFO] ThirdParty:897 - CMSIS Pack Vendor :STMicroelectronics X-CUBE-AI 5.0.0
2020-01-06 00:26:14,533 [INFO] ThirdParty:897 - CMSIS Pack Vendor :STMicroelectronics X-CUBE-BLE1 4.4.0
2020-01-06 00:26:14,534 [INFO] ThirdParty:897 - CMSIS Pack Vendor :STMicroelectronics X-CUBE-BLE2 1.0.0
2020-01-06 00:26:14,534 [INFO] ThirdParty:897 - CMSIS Pack Vendor :STMicroelectronics X-CUBE-GNSS1 4.0.0
2020-01-06 00:26:14,534 [INFO] ThirdParty:897 - CMSIS Pack Vendor :STMicroelectronics X-CUBE-MEMS1 7.0.0
2020-01-06 00:26:14,534 [INFO] ThirdParty:897 - CMSIS Pack Vendor :STMicroelectronics X-CUBE-NFC4 1.5.1
2020-01-06 00:26:14,535 [INFO] ThirdParty:897 - CMSIS Pack Vendor :STMicroelectronics X-CUBE-SUBG2 1.0.0
2020-01-06 00:26:14,535 [INFO] ThirdParty:897 - CMSIS Pack Vendor :STMicroelectronics X-CUBE-TOUCHGFX 4.13.0
2020-01-06 00:26:14,535 [INFO] ThirdParty:897 - CMSIS Pack Vendor :ARM CMSIS 5.6.0
2020-01-06 00:26:15,275 [INFO] PinOutPanel:1367 - setPackage(No Configuration,No Configuration)
2020-01-06 00:26:15,279 [INFO] PinOutPanel:1367 - setPackage(STM32F405RGTx,LQFP64)
2020-01-06 00:26:16,148 [INFO] UtilMem:74 - Before build in PCC Used Memory: 249292184 Bytes (290455552)
2020-01-06 00:26:17,024 [INFO] SharedServices:71 - Folder for power plug-in: C:/Users/yeong/.stm32cubemx/plugins/power
2020-01-06 00:26:17,025 [INFO] UtilMem:74 - After build in PCC Used Memory: 170018368 Bytes (290455552)
2020-01-06 00:26:17,099 [INFO] BlockDiagram:1827 - stop enableDisableButtons
2020-01-06 00:26:17,100 [INFO] IPUIPlugin:63 - create IPUIPlugin
2020-01-06 00:26:17,101 [INFO] IPUIPlugin:63 - create IPUIPlugin
2020-01-06 00:26:17,102 [INFO] IPUIPlugin:63 - create IPUIPlugin
2020-01-06 00:26:17,103 [INFO] IPUIPlugin:63 - create IPUIPlugin
2020-01-06 00:26:17,103 [INFO] IPUIPlugin:63 - create IPUIPlugin
2020-01-06 00:26:17,104 [INFO] IPUIPlugin:63 - create IPUIPlugin
2020-01-06 00:26:17,104 [INFO] IPUIPlugin:63 - create IPUIPlugin
2020-01-06 00:26:17,105 [INFO] IPUIPlugin:63 - create IPUIPlugin
2020-01-06 00:26:17,105 [INFO] IPUIPlugin:63 - create IPUIPlugin
2020-01-06 00:26:17,106 [INFO] IPUIPlugin:63 - create IPUIPlugin
2020-01-06 00:26:17,108 [INFO] IPUIPlugin:63 - create IPUIPlugin
2020-01-06 00:26:17,108 [INFO] IPUIPlugin:63 - create IPUIPlugin
2020-01-06 00:26:17,109 [INFO] IPUIPlugin:63 - create IPUIPlugin
2020-01-06 00:26:17,109 [INFO] IPUIPlugin:63 - create IPUIPlugin
2020-01-06 00:26:17,109 [INFO] IPUIPlugin:63 - create IPUIPlugin
2020-01-06 00:26:17,110 [INFO] IPUIPlugin:63 - create IPUIPlugin
2020-01-06 00:26:17,110 [INFO] IPUIPlugin:63 - create IPUIPlugin
2020-01-06 00:26:17,111 [INFO] IPUIPlugin:63 - create IPUIPlugin
2020-01-06 00:26:17,112 [INFO] IPUIPlugin:63 - create IPUIPlugin
2020-01-06 00:26:17,113 [INFO] IPUIPlugin:63 - create IPUIPlugin
2020-01-06 00:26:17,113 [INFO] IPUIPlugin:63 - create IPUIPlugin
2020-01-06 00:26:17,114 [INFO] IPUIPlugin:63 - create IPUIPlugin
2020-01-06 00:26:17,114 [INFO] IPUIPlugin:63 - create IPUIPlugin
2020-01-06 00:26:17,115 [INFO] IPUIPlugin:63 - create IPUIPlugin
2020-01-06 00:26:17,115 [INFO] IPUIPlugin:63 - create IPUIPlugin
2020-01-06 00:26:17,116 [INFO] IPUIPlugin:63 - create IPUIPlugin
2020-01-06 00:26:17,116 [INFO] IPUIPlugin:63 - create IPUIPlugin
2020-01-06 00:26:17,117 [INFO] IPUIPlugin:63 - create IPUIPlugin
2020-01-06 00:26:17,117 [INFO] IPUIPlugin:63 - create IPUIPlugin
2020-01-06 00:26:17,117 [INFO] IPUIPlugin:63 - create IPUIPlugin
2020-01-06 00:26:17,118 [INFO] IPUIPlugin:63 - create IPUIPlugin
2020-01-06 00:26:17,118 [INFO] IPUIPlugin:63 - create IPUIPlugin
2020-01-06 00:26:17,119 [INFO] IPUIPlugin:63 - create IPUIPlugin
2020-01-06 00:26:17,119 [INFO] IPUIPlugin:63 - create IPUIPlugin
2020-01-06 00:26:17,120 [INFO] IPUIPlugin:63 - create IPUIPlugin
2020-01-06 00:26:17,120 [INFO] IPUIPlugin:63 - create IPUIPlugin
2020-01-06 00:26:17,120 [INFO] IPUIPlugin:63 - create IPUIPlugin
2020-01-06 00:26:17,121 [INFO] IPUIPlugin:63 - create IPUIPlugin
2020-01-06 00:26:17,121 [INFO] IPUIPlugin:63 - create IPUIPlugin
2020-01-06 00:26:17,122 [INFO] IPUIPlugin:63 - create IPUIPlugin
2020-01-06 00:26:17,122 [INFO] IPUIPlugin:63 - create IPUIPlugin
2020-01-06 00:26:17,123 [INFO] IPUIPlugin:63 - create IPUIPlugin
2020-01-06 00:26:17,123 [INFO] IPUIPlugin:63 - create IPUIPlugin
2020-01-06 00:26:17,123 [INFO] IPUIPlugin:63 - create IPUIPlugin
2020-01-06 00:26:17,124 [INFO] IPUIPlugin:63 - create IPUIPlugin
2020-01-06 00:26:17,124 [INFO] IPUIPlugin:63 - create IPUIPlugin
2020-01-06 00:26:17,125 [INFO] IPUIPlugin:63 - create IPUIPlugin
2020-01-06 00:26:17,125 [INFO] IPUIPlugin:63 - create IPUIPlugin
2020-01-06 00:26:17,126 [INFO] IPUIPlugin:63 - create IPUIPlugin
2020-01-06 00:26:17,126 [INFO] IPUIPlugin:63 - create IPUIPlugin
2020-01-06 00:26:17,127 [INFO] IPUIPlugin:63 - create IPUIPlugin
2020-01-06 00:26:17,127 [INFO] IPUIPlugin:63 - create IPUIPlugin
2020-01-06 00:26:17,128 [INFO] IPUIPlugin:63 - create IPUIPlugin
2020-01-06 00:26:17,130 [INFO] IPUIPlugin:63 - create IPUIPlugin
2020-01-06 00:26:17,146 [INFO] BlockDiagram:1827 - stop enableDisableButtons
2020-01-06 00:26:17,224 [INFO] LogOutputStream:76 - [STDOUT_REDIRECT] toolchainItems.length=====1
2020-01-06 00:26:17,441 [INFO] OpenFileManager:289 - Restore cursor
2020-01-06 00:26:17,527 [INFO] DbMcusXml:106 - Load MCU database from C:\ST\STM32CubeIDE_1.1.0\STM32CubeIDE\plugins\com.st.stm32cube.common.mx_5.4.0.201910091541\\db\/mcu/families.xml
2020-01-06 00:26:17,559 [INFO] BlockDiagram:1827 - stop enableDisableButtons
2020-01-06 00:26:17,812 [INFO] BlockDiagram:1827 - stop enableDisableButtons
2020-01-06 00:26:20,288 [INFO] DbMcusJson:87 - JSON generation date=Wed Dec 11 20:27:49 GMT+09:00 2019 (1576063669)
2020-01-06 00:26:22,926 [INFO] DbMcus:193 - Found 1544 MCUs (1504 are supported by CubeMX, 1504 are visible in CubeMX)
2020-01-06 00:26:22,927 [INFO] ApiDb:147 - User favorites file not found: C:\Users\yeong/.stm32cubemx/favorites.mcus.txt
2020-01-06 00:26:22,927 [INFO] DbMcus:204 - Set 0 / 0 favorites MCUs
2020-01-06 00:26:26,624 [INFO] LogOutputStream:76 - [STDOUT_REDIRECT] Tab changed to: Clock Configuration
2020-01-06 00:26:42,491 [INFO] BlockDiagram:1827 - stop enableDisableButtons
2020-01-06 00:26:52,969 [INFO] BlockDiagram:1827 - stop enableDisableButtons
2020-01-06 00:26:57,529 [INFO] LogOutputStream:76 - [STDOUT_REDIRECT] Tab changed to: Pinout & Configuration
2020-01-06 00:26:58,748 [INFO] UtilMem:74 - End SaveConfig() Used Memory: 248103016 Bytes (526385152)
2020-01-06 00:27:03,806 [INFO] LogOutputStream:76 - [STDOUT_REDIRECT] Tab changed to: Clock Configuration
2020-01-06 00:27:04,387 [INFO] LogOutputStream:76 - [STDOUT_REDIRECT] Tab changed to: Project Manager
2020-01-06 00:27:06,801 [INFO] LogOutputStream:76 - [STDOUT_REDIRECT] Tab changed to: Tools
2020-01-06 00:27:07,997 [INFO] LogOutputStream:76 - [STDOUT_REDIRECT] Tab changed to: Project Manager
2020-01-06 00:27:48,820 [INFO] LogOutputStream:76 - [STDOUT_REDIRECT] Tab changed to: Clock Configuration
2020-01-06 00:29:20,478 [INFO] LogOutputStream:76 - [STDOUT_REDIRECT] Tab changed to: Pinout & Configuration
2020-01-06 00:29:21,428 [INFO] LogOutputStream:76 - [STDOUT_REDIRECT] Tab changed to: Clock Configuration
2020-01-06 00:29:21,793 [INFO] UtilMem:74 - End SaveConfig() Used Memory: 354615368 Bytes (526385152)
2020-01-06 00:29:26,576 [INFO] UtilMem:74 - End SaveConfig() Used Memory: 362477648 Bytes (526385152)
2020-01-06 00:29:26,780 [INFO] UtilMem:74 - End SaveConfig() Used Memory: 370866256 Bytes (526385152)
2020-01-06 00:29:27,421 [INFO] BlockDiagram:1871 - set Specific Code input for plugin: SYS
2020-01-06 00:29:27,422 [INFO] BlockDiagram:1871 - set Specific Code input for plugin: RCC
2020-01-06 00:29:27,422 [INFO] BlockDiagram:1871 - set Specific Code input for plugin: NVIC
2020-01-06 00:29:27,422 [INFO] BlockDiagram:1871 - set Specific Code input for plugin: GPIO
2020-01-06 00:29:27,428 [INFO] CodeGenerator:598 - code generatio: config db path: C:\ST\STM32CubeIDE_1.1.0\STM32CubeIDE\plugins\com.st.stm32cube.common.mx_5.4.0.201910091541\\db\
2020-01-06 00:29:28,032 [INFO] CodeEngine:193 - oldGeneratedFile, E:\git\ST-Firmware\src\1-1.Debug LED\MXTmpFiles\license.tmp_save
2020-01-06 00:29:28,518 [INFO] CodeEngine:211 - Generated code: E:\git\ST-Firmware\src\1-1.Debug LED\MXTmpFiles\license.tmp
2020-01-06 00:29:29,082 [INFO] CodeEngine:193 - oldGeneratedFile, E:\git\ST-Firmware\src\1-1.Debug LED\Core\Src\gpio.c_save
2020-01-06 00:29:29,318 [INFO] CodeEngine:211 - Generated code: E:\git\ST-Firmware\src\1-1.Debug LED\Core\Src\gpio.c
2020-01-06 00:29:29,408 [INFO] CodeEngine:193 - oldGeneratedFile, E:\git\ST-Firmware\src\1-1.Debug LED\Core\Inc\gpio.h_save
2020-01-06 00:29:29,577 [INFO] CodeEngine:211 - Generated code: E:\git\ST-Firmware\src\1-1.Debug LED\Core\Inc\gpio.h
2020-01-06 00:29:29,628 [INFO] LogOutputStream:76 - [STDOUT_REDIRECT] Command line
2020-01-06 00:29:29,630 [INFO] LogOutputStream:76 - [STDOUT_REDIRECT] Debug : prepare data for SYS
2020-01-06 00:29:29,631 [INFO] LogOutputStream:76 - [STDOUT_REDIRECT] Command line test
2020-01-06 00:29:29,732 [INFO] CodeEngine:193 - oldGeneratedFile, E:\git\ST-Firmware\src\1-1.Debug LED\Core\Src\sys.c_save
2020-01-06 00:29:30,111 [INFO] CodeEngine:211 - Generated code: E:\git\ST-Firmware\src\1-1.Debug LED\Core\Src\sys.c
2020-01-06 00:29:30,238 [INFO] CodeEngine:193 - oldGeneratedFile, E:\git\ST-Firmware\src\1-1.Debug LED\Core\Inc\sys.h_save
2020-01-06 00:29:30,484 [INFO] CodeEngine:211 - Generated code: E:\git\ST-Firmware\src\1-1.Debug LED\Core\Inc\sys.h
2020-01-06 00:29:30,495 [INFO] LogOutputStream:76 - [STDOUT_REDIRECT] Debug : prepare data for NVIC
2020-01-06 00:29:30,497 [INFO] LogOutputStream:76 - [STDOUT_REDIRECT] Command line test
2020-01-06 00:29:30,627 [INFO] CodeEngine:193 - oldGeneratedFile, E:\git\ST-Firmware\src\1-1.Debug LED\Core\Src\stm32f4xx_it.c_save
2020-01-06 00:29:30,979 [INFO] CodeEngine:211 - Generated code: E:\git\ST-Firmware\src\1-1.Debug LED\Core\Src\stm32f4xx_it.c
2020-01-06 00:29:31,111 [INFO] CodeEngine:193 - oldGeneratedFile, E:\git\ST-Firmware\src\1-1.Debug LED\Core\Inc\stm32f4xx_it.h_save
2020-01-06 00:29:31,406 [INFO] CodeEngine:211 - Generated code: E:\git\ST-Firmware\src\1-1.Debug LED\Core\Inc\stm32f4xx_it.h
2020-01-06 00:29:31,537 [INFO] CodeEngine:193 - oldGeneratedFile, E:\git\ST-Firmware\src\1-1.Debug LED\Core\Src\stm32f4xx_hal_msp.c_save
2020-01-06 00:29:31,890 [INFO] CodeEngine:211 - Generated code: E:\git\ST-Firmware\src\1-1.Debug LED\Core\Src\stm32f4xx_hal_msp.c
2020-01-06 00:29:31,954 [INFO] CodeEngine:193 - oldGeneratedFile, E:\git\ST-Firmware\src\1-1.Debug LED\MXTmpFiles\system.tmp_save
2020-01-06 00:29:32,131 [INFO] CodeEngine:211 - Generated code: E:\git\ST-Firmware\src\1-1.Debug LED\MXTmpFiles\system.tmp
2020-01-06 00:29:32,262 [INFO] CodeEngine:193 - oldGeneratedFile, E:\git\ST-Firmware\src\1-1.Debug LED\Core\Inc\stm32f4xx_hal_conf.h_save
2020-01-06 00:29:32,615 [INFO] CodeEngine:211 - Generated code: E:\git\ST-Firmware\src\1-1.Debug LED\Core\Inc\stm32f4xx_hal_conf.h
2020-01-06 00:29:32,817 [INFO] CodeEngine:193 - oldGeneratedFile, E:\git\ST-Firmware\src\1-1.Debug LED\Core\Inc\main.h_save
2020-01-06 00:29:33,072 [INFO] CodeEngine:211 - Generated code: E:\git\ST-Firmware\src\1-1.Debug LED\Core\Inc\main.h
2020-01-06 00:29:33,168 [INFO] CodeEngine:193 - oldGeneratedFile, E:\git\ST-Firmware\src\1-1.Debug LED\Core\Src\main.c_save
2020-01-06 00:29:33,540 [INFO] CodeEngine:211 - Generated code: E:\git\ST-Firmware\src\1-1.Debug LED\Core\Src\main.c
2020-01-06 00:29:36,250 [INFO] ProjectBuilder:1645 - Time for Copy HAL[1] : 1594mS.
2020-01-06 00:29:36,262 [INFO] ProjectBuilder:2206 - Project Generator version: 3.5.2
2020-01-06 00:29:37,469 [INFO] ConfigFileManager:953 - The Die is : DIE413
2020-01-06 00:29:42,789 [INFO] ProjectBuilder:2373 - Time for Generating toolchain IDE Files: 6527mS.
2020-01-06 00:29:42,793 [INFO] ProjectBuilder:1505 - Time for Copy CMSIS : 3mS.
2020-01-06 00:29:42,798 [INFO] ProjectBuilder:1505 - Time for Copy CMSIS : 0mS.
2020-01-06 00:29:47,137 [INFO] LogOutputStream:76 - [STDOUT_REDIRECT] Tab changed to: Project Manager
2020-01-06 00:29:47,871 [INFO] LogOutputStream:76 - [STDOUT_REDIRECT] Tab changed to: Clock Configuration
2020-01-06 00:29:48,634 [INFO] LogOutputStream:76 - [STDOUT_REDIRECT] Tab changed to: Project Manager
2020-01-06 00:29:50,711 [INFO] LogOutputStream:76 - [STDOUT_REDIRECT] Tab changed to: Pinout & Configuration
2020-01-06 00:29:51,170 [INFO] LogOutputStream:76 - [STDOUT_REDIRECT] Tab changed to: Clock Configuration
2020-01-06 00:29:55,690 [INFO] LogOutputStream:76 - [STDOUT_REDIRECT] Tab changed to: Pinout & Configuration
2020-01-06 00:30:23,738 [INFO] UtilMem:74 - End SaveConfig() Used Memory: 343951896 Bytes (816840704)
2020-01-06 00:30:23,976 [INFO] BlockDiagram:1871 - set Specific Code input for plugin: SYS
2020-01-06 00:30:23,976 [INFO] BlockDiagram:1871 - set Specific Code input for plugin: RCC
2020-01-06 00:30:23,976 [INFO] BlockDiagram:1871 - set Specific Code input for plugin: NVIC
2020-01-06 00:30:23,977 [INFO] BlockDiagram:1871 - set Specific Code input for plugin: GPIO
2020-01-06 00:30:23,982 [INFO] CodeGenerator:598 - code generatio: config db path: C:\ST\STM32CubeIDE_1.1.0\STM32CubeIDE\plugins\com.st.stm32cube.common.mx_5.4.0.201910091541\\db\
2020-01-06 00:30:24,256 [INFO] CodeEngine:193 - oldGeneratedFile, E:\git\ST-Firmware\src\1-1.Debug LED\MXTmpFiles\license.tmp_save
2020-01-06 00:30:24,410 [INFO] CodeEngine:211 - Generated code: E:\git\ST-Firmware\src\1-1.Debug LED\MXTmpFiles\license.tmp
2020-01-06 00:30:24,521 [INFO] CodeEngine:193 - oldGeneratedFile, E:\git\ST-Firmware\src\1-1.Debug LED\Core\Src\gpio.c_save
2020-01-06 00:30:24,712 [INFO] CodeEngine:211 - Generated code: E:\git\ST-Firmware\src\1-1.Debug LED\Core\Src\gpio.c
2020-01-06 00:30:24,755 [INFO] CodeEngine:193 - oldGeneratedFile, E:\git\ST-Firmware\src\1-1.Debug LED\Core\Inc\gpio.h_save
2020-01-06 00:30:24,924 [INFO] CodeEngine:211 - Generated code: E:\git\ST-Firmware\src\1-1.Debug LED\Core\Inc\gpio.h
2020-01-06 00:30:24,945 [INFO] LogOutputStream:76 - [STDOUT_REDIRECT] Command line
2020-01-06 00:30:24,947 [INFO] LogOutputStream:76 - [STDOUT_REDIRECT] Debug : prepare data for SYS
2020-01-06 00:30:24,948 [INFO] LogOutputStream:76 - [STDOUT_REDIRECT] Command line test
2020-01-06 00:30:25,028 [INFO] CodeEngine:193 - oldGeneratedFile, E:\git\ST-Firmware\src\1-1.Debug LED\Core\Src\sys.c_save
2020-01-06 00:30:25,214 [INFO] CodeEngine:211 - Generated code: E:\git\ST-Firmware\src\1-1.Debug LED\Core\Src\sys.c
2020-01-06 00:30:25,267 [INFO] CodeEngine:193 - oldGeneratedFile, E:\git\ST-Firmware\src\1-1.Debug LED\Core\Inc\sys.h_save
2020-01-06 00:30:25,398 [INFO] CodeEngine:211 - Generated code: E:\git\ST-Firmware\src\1-1.Debug LED\Core\Inc\sys.h
2020-01-06 00:30:25,410 [INFO] LogOutputStream:76 - [STDOUT_REDIRECT] Debug : prepare data for NVIC
2020-01-06 00:30:25,411 [INFO] LogOutputStream:76 - [STDOUT_REDIRECT] Command line test
2020-01-06 00:30:25,507 [INFO] CodeEngine:193 - oldGeneratedFile, E:\git\ST-Firmware\src\1-1.Debug LED\Core\Src\stm32f4xx_it.c_save
2020-01-06 00:30:25,741 [INFO] CodeEngine:211 - Generated code: E:\git\ST-Firmware\src\1-1.Debug LED\Core\Src\stm32f4xx_it.c
2020-01-06 00:30:25,780 [INFO] CodeEngine:193 - oldGeneratedFile, E:\git\ST-Firmware\src\1-1.Debug LED\Core\Inc\stm32f4xx_it.h_save
2020-01-06 00:30:25,914 [INFO] CodeEngine:211 - Generated code: E:\git\ST-Firmware\src\1-1.Debug LED\Core\Inc\stm32f4xx_it.h
2020-01-06 00:30:25,983 [INFO] CodeEngine:193 - oldGeneratedFile, E:\git\ST-Firmware\src\1-1.Debug LED\Core\Src\stm32f4xx_hal_msp.c_save
2020-01-06 00:30:26,179 [INFO] CodeEngine:211 - Generated code: E:\git\ST-Firmware\src\1-1.Debug LED\Core\Src\stm32f4xx_hal_msp.c
2020-01-06 00:30:26,222 [INFO] CodeEngine:193 - oldGeneratedFile, E:\git\ST-Firmware\src\1-1.Debug LED\MXTmpFiles\system.tmp_save
2020-01-06 00:30:26,324 [INFO] CodeEngine:211 - Generated code: E:\git\ST-Firmware\src\1-1.Debug LED\MXTmpFiles\system.tmp
2020-01-06 00:30:26,385 [INFO] CodeEngine:193 - oldGeneratedFile, E:\git\ST-Firmware\src\1-1.Debug LED\Core\Inc\stm32f4xx_hal_conf.h_save
2020-01-06 00:30:26,583 [INFO] CodeEngine:211 - Generated code: E:\git\ST-Firmware\src\1-1.Debug LED\Core\Inc\stm32f4xx_hal_conf.h
2020-01-06 00:30:26,653 [INFO] CodeEngine:193 - oldGeneratedFile, E:\git\ST-Firmware\src\1-1.Debug LED\Core\Inc\main.h_save
2020-01-06 00:30:26,798 [INFO] CodeEngine:211 - Generated code: E:\git\ST-Firmware\src\1-1.Debug LED\Core\Inc\main.h
2020-01-06 00:30:26,861 [INFO] CodeEngine:193 - oldGeneratedFile, E:\git\ST-Firmware\src\1-1.Debug LED\Core\Src\main.c_save
2020-01-06 00:30:27,043 [INFO] CodeEngine:211 - Generated code: E:\git\ST-Firmware\src\1-1.Debug LED\Core\Src\main.c
2020-01-06 00:30:28,705 [INFO] ProjectBuilder:1645 - Time for Copy HAL[1] : 1060mS.
2020-01-06 00:30:28,708 [INFO] ProjectBuilder:2206 - Project Generator version: 3.5.2
2020-01-06 00:30:28,991 [INFO] ConfigFileManager:953 - The Die is : DIE413
2020-01-06 00:30:30,969 [INFO] ProjectBuilder:2373 - Time for Generating toolchain IDE Files: 2261mS.
2020-01-06 00:30:30,972 [INFO] ProjectBuilder:1505 - Time for Copy CMSIS : 3mS.
2020-01-06 00:30:30,976 [INFO] ProjectBuilder:1505 - Time for Copy CMSIS : 1mS.
2020-01-06 00:44:51,477 [INFO] BlockDiagram:1827 - stop enableDisableButtons
2020-01-06 00:45:35,793 [INFO] Activator:176 - 


2020-01-06 00:45:35,798 [INFO] Activator:177 - !SESSION log4j initialized
